{"level":30,"time":"2024-05-23T20:49:27.785Z","pid":25860,"hostname":"XBMCServer","msg":"Opening WebSocket"}
{"level":30,"time":"2024-05-23T20:49:28.209Z","pid":25860,"hostname":"XBMCServer","msg":"txsFromblock is undefined."}
{"level":30,"time":"2024-05-23T20:50:55.428Z","pid":25860,"hostname":"XBMCServer","msg":"txsFromBlock found."}
{"level":30,"time":"2024-05-23T20:50:55.430Z","pid":25860,"hostname":"XBMCServer","msg":"Closing websocket."}
{"level":30,"time":"2024-05-23T20:51:11.341Z","pid":25860,"hostname":"XBMCServer","Key with marketId: ":{"pubkey":"3cCTCRAZQgafj96iLWPtBYEzr5HKdZzzJEW8ThQAyTHc","writable":true,"signer":true,"source":"transaction"},"msg":"MarketID Key"}
{"level":30,"time":"2024-05-23T20:51:11.362Z","pid":25860,"hostname":"XBMCServer","Found Time: ":"5/23/2024, 3:51:11 PM","msg":"Found"}
{"level":30,"time":"2024-05-23T20:51:11.362Z","pid":25860,"hostname":"XBMCServer","MarketID: ":"3cCTCRAZQgafj96iLWPtBYEzr5HKdZzzJEW8ThQAyTHc","msg":"MarketID"}
{"level":30,"time":"2024-05-23T20:51:11.363Z","pid":25860,"hostname":"XBMCServer","Token Address: ":"A4AAdnjnpb24TYCQ21T4onp6hFU8BYXinM3EdHZCG46R","msg":"Token Address"}
{"level":30,"time":"2024-05-23T20:51:11.921Z","pid":25860,"hostname":"XBMCServer","msg":"Mint authority is revoked."}
{"level":30,"time":"2024-05-23T20:51:11.921Z","pid":25860,"hostname":"XBMCServer","msg":"Freeze authority is revoked."}
{"level":30,"time":"2024-05-23T20:51:11.945Z","pid":25860,"hostname":"XBMCServer","Supply: ":1000000000,"msg":"Token Supply"}
{"level":30,"time":"2024-05-23T20:51:12.530Z","pid":25860,"hostname":"XBMCServer","Pool Keys:":[{"id":"BuaBWY4ywaW422PxNebiodnsTVuEUJEqescWeyGxn2aK","baseMint":"A4AAdnjnpb24TYCQ21T4onp6hFU8BYXinM3EdHZCG46R","quoteMint":"So11111111111111111111111111111111111111112","lpMint":"8dbRCYNwLePxKu1xBpmuZVqKW9tDgfLA1iPAwmR7Wc4J","baseDecimals":9,"quoteDecimals":9,"lpDecimals":9,"version":4,"programId":"675kPX9MHTjS2zt1qfr1NYHuzeLXfQM9H24wFSUt1Mp8","authority":"5Q544fKrFoe6tsEbD7S8EmxGTJYAKtTVhAW5Q5pge4j1","openOrders":"4W9jF2qLd9knWvrXiiifH9yxUvKyKEPnV8zD54jzYziH","targetOrders":"J4qXyGhuQpo5rrzn2GuNFA7hbG9xjWJgqcJN6NYzj48q","baseVault":"AR749E4AWzmEJGkyMSSfi6MyQbRPKqGacuLvdu6MBrpZ","quoteVault":"CssHmNX4jiUQkSWq8r6YdERvBjtZc3jMAjvryNSrfqF4","withdrawQueue":"11111111111111111111111111111111","lpVault":"11111111111111111111111111111111","marketVersion":3,"marketProgramId":"srmqPvymJeFKQ4zGQed1GFppgkRHL9kaELCbyksJtPX","marketId":"3cCTCRAZQgafj96iLWPtBYEzr5HKdZzzJEW8ThQAyTHc","marketAuthority":"3gdTPuSywhBqwYEbLCci918R4kMKgDAd7eJT4p4RZfQ8","marketBaseVault":"28yutL9EaAiVWz4QPkj4mpByEjAf9FraxfsvbmWGSV8e","marketQuoteVault":"8TRdSmXauRpt4yjiw2xxocXwdPuWuHMFJYuQv5upawAk","marketBids":"2JMhz9sCyFw95RU4tHQVJaZvucV36vUa88M4jUPdcDn7","marketAsks":"C98sXEVnDSRreNwNWV5uZyKNMWCKHkvvZDRpfnHMUAW4","marketEventQueue":"D6MqJ6gxYAovP48KhWu8W2HriMBGs8LbBiKniNQPBaga","lookupTableAccount":"11111111111111111111111111111111"}],"msg":"Pool Keys"}
{"level":30,"time":"2024-05-23T20:51:12.552Z","pid":25860,"hostname":"XBMCServer","Pool Open Time: ":"2024-05-23T20:50:12.000Z","msg":"Pool Open Time"}
{"level":30,"time":"2024-05-23T20:51:12.552Z","pid":25860,"hostname":"XBMCServer","msg":"Time to buy Meme"}
{"level":30,"time":"2024-05-23T20:51:13.194Z","pid":25860,"hostname":"XBMCServer","Swap Sol for Meme txids":[["5tPaEp6uBR7frDav1aTwwK8huLy37wiGaKejQvpqkRWu3eTrQvYr2qG9rhWZCtupcgqGc7EHN9rNFu5kkhsYL7so"]],"msg":"SOL to Meme TxnIDs"}
{"level":30,"time":"2024-05-23T21:23:32.265Z","pid":31056,"hostname":"XBMCServer","msg":"Start get balances"}
{"level":30,"time":"2024-05-23T21:23:32.588Z","pid":31056,"hostname":"XBMCServer","msg":"ValidTx before while"}
{"level":30,"time":"2024-05-23T21:24:58.646Z","pid":30016,"hostname":"XBMCServer","msg":"Start get balances"}
{"level":30,"time":"2024-05-23T21:24:58.918Z","pid":30016,"hostname":"XBMCServer","msg":"ValidTx before while"}
{"level":30,"time":"2024-05-23T22:04:50.589Z","pid":31840,"hostname":"XBMCServer","msg":"Start get balances"}
{"level":30,"time":"2024-05-23T22:04:50.815Z","pid":31840,"hostname":"XBMCServer","msg":"ValidTx before while"}
{"level":30,"time":"2024-05-23T22:11:03.732Z","pid":6272,"hostname":"XBMCServer","msg":"Start get balances"}
{"level":30,"time":"2024-05-23T22:11:04.084Z","pid":6272,"hostname":"XBMCServer","msg":"validTx not NULL"}
{"level":30,"time":"2024-05-23T22:11:57.660Z","pid":18144,"hostname":"XBMCServer","msg":"Start get balances"}
{"level":30,"time":"2024-05-23T22:11:57.874Z","pid":18144,"hostname":"XBMCServer","msg":"validTx not NULL"}
{"level":30,"time":"2024-05-23T22:12:29.803Z","pid":31768,"hostname":"XBMCServer","msg":"Start get balances"}
{"level":30,"time":"2024-05-23T22:12:30.064Z","pid":31768,"hostname":"XBMCServer","msg":"validTx not NULL"}
{"level":30,"time":"2024-05-23T22:14:07.787Z","pid":31840,"hostname":"XBMCServer","msg":"Start get balances"}
{"level":30,"time":"2024-05-23T22:20:13.151Z","pid":20604,"hostname":"XBMCServer","msg":"Start get balances"}
{"level":30,"time":"2024-05-23T22:21:03.355Z","pid":8880,"hostname":"XBMCServer","msg":"Start get balances"}
{"level":30,"time":"2024-05-23T22:22:52.360Z","pid":19208,"hostname":"XBMCServer","msg":"Start get balances"}
{"level":30,"time":"2024-05-23T22:23:19.445Z","pid":24444,"hostname":"XBMCServer","msg":"Start get balances"}
{"level":30,"time":"2024-05-23T22:24:39.416Z","pid":20344,"hostname":"XBMCServer","msg":"Start get balances"}
{"level":30,"time":"2024-05-23T22:24:44.146Z","pid":35532,"hostname":"XBMCServer","msg":"Start get balances"}
{"level":30,"time":"2024-05-23T22:25:32.271Z","pid":15196,"hostname":"XBMCServer","msg":"Start get balances"}
{"level":30,"time":"2024-05-23T22:33:13.914Z","pid":30204,"hostname":"XBMCServer","msg":"Start get balances"}
{"level":30,"time":"2024-05-23T22:33:53.064Z","pid":34396,"hostname":"XBMCServer","msg":"Start get balances"}
{"level":30,"time":"2024-05-23T22:33:53.443Z","pid":34396,"hostname":"XBMCServer","Token Balance":145,"msg":"Token Balance"}
{"level":30,"time":"2024-05-23T22:34:09.369Z","pid":31432,"hostname":"XBMCServer","msg":"Start get balances"}
{"level":30,"time":"2024-05-23T22:34:09.578Z","pid":31432,"hostname":"XBMCServer","Token Balance":14752.386117924,"msg":"Token Balance"}
{"level":30,"time":"2024-05-23T22:38:07.337Z","pid":4000,"hostname":"XBMCServer","msg":"Start get balances"}
{"level":30,"time":"2024-05-23T22:38:07.606Z","pid":4000,"hostname":"XBMCServer","Meme Buy Price":6.77856444378859e-8,"msg":"Meme Buy Price"}
{"level":30,"time":"2024-05-23T22:38:07.606Z","pid":4000,"hostname":"XBMCServer","Meme Buy Qty":14752.386117924,"msg":"Meme Buy Qty"}
{"level":30,"time":"2024-05-24T03:22:47.438Z","pid":32936,"hostname":"XBMCServer","msg":"Start get balances"}
{"level":30,"time":"2024-05-24T03:23:41.852Z","pid":27220,"hostname":"XBMCServer","msg":"Start get balances"}
{"level":30,"time":"2024-05-24T03:23:41.900Z","pid":27220,"hostname":"XBMCServer","Meme Buy Price":6.77856444378859e-8,"msg":"Meme Buy Price"}
{"level":30,"time":"2024-05-24T03:23:41.900Z","pid":27220,"hostname":"XBMCServer","Meme Buy Qty":14752.386117924,"msg":"Meme Buy Qty"}
{"level":30,"time":"2024-05-24T03:25:07.862Z","pid":29072,"hostname":"XBMCServer","msg":"Start get balances"}
{"level":30,"time":"2024-05-24T03:25:07.914Z","pid":29072,"hostname":"XBMCServer","Meme Buy Price":6.77856444378859e-8,"msg":"Meme Buy Price"}
{"level":30,"time":"2024-05-24T03:25:07.914Z","pid":29072,"hostname":"XBMCServer","Meme Buy Qty":14752.386117924,"msg":"Meme Buy Qty"}
{"level":30,"time":"2024-05-24T03:26:27.109Z","pid":34656,"hostname":"XBMCServer","msg":"Start get balances"}
{"level":30,"time":"2024-05-24T03:26:27.153Z","pid":34656,"hostname":"XBMCServer","Meme Buy Price":6.77856444378859e-8,"msg":"Meme Buy Price"}
{"level":30,"time":"2024-05-24T03:26:27.153Z","pid":34656,"hostname":"XBMCServer","Meme Buy Qty":14752.386117924,"msg":"Meme Buy Qty"}
{"level":30,"time":"2024-05-24T03:26:56.421Z","pid":32444,"hostname":"XBMCServer","msg":"Start get balances"}
{"level":30,"time":"2024-05-24T03:26:56.461Z","pid":32444,"hostname":"XBMCServer","Meme Buy Price":6.77856444378859e-8,"msg":"Meme Buy Price"}
{"level":30,"time":"2024-05-24T03:26:56.461Z","pid":32444,"hostname":"XBMCServer","Meme Buy Qty":14752.386117924,"msg":"Meme Buy Qty"}
{"level":30,"time":"2024-05-24T03:26:56.489Z","pid":32444,"hostname":"XBMCServer","current price":"172.73","msg":"Current SOL Price in USD"}
{"level":30,"time":"2024-05-24T03:29:26.278Z","pid":10724,"hostname":"XBMCServer","msg":"Start get balances"}
{"level":30,"time":"2024-05-24T03:29:26.320Z","pid":10724,"hostname":"XBMCServer","Meme Buy Price":6.77856444378859e-8,"msg":"Meme Buy Price"}
{"level":30,"time":"2024-05-24T03:29:26.320Z","pid":10724,"hostname":"XBMCServer","Meme Buy Qty":14752.386117924,"msg":"Meme Buy Qty"}
{"level":30,"time":"2024-05-24T03:29:26.351Z","pid":10724,"hostname":"XBMCServer","current price":"172.66","msg":"Current SOL Price in USD"}
{"level":30,"time":"2024-05-24T03:29:27.381Z","pid":10724,"hostname":"XBMCServer","Buy Price":6.77856444378859e-8,"Current Price":6.474309835783972e-8,"msg":"Buy and Current Price Details"}
{"level":30,"time":"2024-05-24T03:29:27.381Z","pid":10724,"hostname":"XBMCServer","Percent Chagne":4.4884814554417325,"msg":"Percent Change"}
{"level":30,"time":"2024-05-24T03:29:27.895Z","pid":10724,"hostname":"XBMCServer","Buy Price":6.77856444378859e-8,"Current Price":6.474309835783972e-8,"msg":"Buy and Current Price Details"}
{"level":30,"time":"2024-05-24T03:29:27.895Z","pid":10724,"hostname":"XBMCServer","Percent Chagne":4.4884814554417325,"msg":"Percent Change"}
{"level":30,"time":"2024-05-24T03:29:28.444Z","pid":10724,"hostname":"XBMCServer","Buy Price":6.77856444378859e-8,"Current Price":6.474309835783972e-8,"msg":"Buy and Current Price Details"}
{"level":30,"time":"2024-05-24T03:29:28.444Z","pid":10724,"hostname":"XBMCServer","Percent Chagne":4.4884814554417325,"msg":"Percent Change"}
{"level":30,"time":"2024-05-24T03:29:28.446Z","pid":10724,"hostname":"XBMCServer","Buy Price":6.77856444378859e-8,"Current Price":6.474309835783972e-8,"msg":"Buy and Current Price Details"}
{"level":30,"time":"2024-05-24T03:29:28.446Z","pid":10724,"hostname":"XBMCServer","Percent Chagne":4.4884814554417325,"msg":"Percent Change"}
{"level":30,"time":"2024-05-24T03:29:28.909Z","pid":10724,"hostname":"XBMCServer","Buy Price":6.77856444378859e-8,"Current Price":6.474309835783972e-8,"msg":"Buy and Current Price Details"}
{"level":30,"time":"2024-05-24T03:29:28.909Z","pid":10724,"hostname":"XBMCServer","Percent Chagne":4.4884814554417325,"msg":"Percent Change"}
{"level":30,"time":"2024-05-24T03:29:29.421Z","pid":10724,"hostname":"XBMCServer","Buy Price":6.77856444378859e-8,"Current Price":6.474309835783972e-8,"msg":"Buy and Current Price Details"}
{"level":30,"time":"2024-05-24T03:29:29.421Z","pid":10724,"hostname":"XBMCServer","Percent Chagne":4.4884814554417325,"msg":"Percent Change"}
{"level":30,"time":"2024-05-24T03:29:29.932Z","pid":10724,"hostname":"XBMCServer","Buy Price":6.77856444378859e-8,"Current Price":6.474309835783972e-8,"msg":"Buy and Current Price Details"}
{"level":30,"time":"2024-05-24T03:29:29.932Z","pid":10724,"hostname":"XBMCServer","Percent Chagne":4.4884814554417325,"msg":"Percent Change"}
{"level":30,"time":"2024-05-24T03:29:30.441Z","pid":10724,"hostname":"XBMCServer","Buy Price":6.77856444378859e-8,"Current Price":6.474309835783972e-8,"msg":"Buy and Current Price Details"}
{"level":30,"time":"2024-05-24T03:29:30.441Z","pid":10724,"hostname":"XBMCServer","Percent Chagne":4.4884814554417325,"msg":"Percent Change"}
{"level":30,"time":"2024-05-24T03:29:30.951Z","pid":10724,"hostname":"XBMCServer","Buy Price":6.77856444378859e-8,"Current Price":6.474309835783972e-8,"msg":"Buy and Current Price Details"}
{"level":30,"time":"2024-05-24T03:29:30.951Z","pid":10724,"hostname":"XBMCServer","Percent Chagne":4.4884814554417325,"msg":"Percent Change"}
{"level":30,"time":"2024-05-24T03:29:31.418Z","pid":10724,"hostname":"XBMCServer","msg":"Time to sell Meme"}
{"level":50,"time":"2024-05-24T03:29:31.443Z","pid":10724,"hostname":"XBMCServer","err":{"type":"TypeError","message":"amountIn.isZero is not a function","stack":"TypeError: amountIn.isZero is not a function\n    at Liquidity.<anonymous> (C:\\src\\SOLSniper\\solana-spl-token-sniper\\node_modules\\@raydium-io\\raydium-sdk\\lib\\cjs\\liquidity\\liquidity.js:679:45)\n    at Generator.next (<anonymous>)\n    at C:\\src\\SOLSniper\\solana-spl-token-sniper\\node_modules\\@raydium-io\\raydium-sdk\\lib\\cjs\\liquidity\\liquidity.js:8:71\n    at new Promise (<anonymous>)\n    at __awaiter (C:\\src\\SOLSniper\\solana-spl-token-sniper\\node_modules\\@raydium-io\\raydium-sdk\\lib\\cjs\\liquidity\\liquidity.js:4:12)\n    at Liquidity.makeSwapInstructionSimple (C:\\src\\SOLSniper\\solana-spl-token-sniper\\node_modules\\@raydium-io\\raydium-sdk\\lib\\cjs\\liquidity\\liquidity.js:674:16)\n    at C:\\src\\SOLSniper\\solana-spl-token-sniper\\strategy2\\swap2.js:29:69\n    at Generator.next (<anonymous>)\n    at C:\\src\\SOLSniper\\solana-spl-token-sniper\\strategy2\\swap2.js:8:71\n    at new Promise (<anonymous>)"},"msg":"Error swapping Meme for SOL"}
{"level":30,"time":"2024-05-24T03:56:02.854Z","pid":34468,"hostname":"XBMCServer","msg":"Start get balances"}
{"level":30,"time":"2024-05-24T03:56:02.897Z","pid":34468,"hostname":"XBMCServer","Meme Buy Price":6.77856444378859e-8,"msg":"Meme Buy Price"}
{"level":30,"time":"2024-05-24T03:56:02.897Z","pid":34468,"hostname":"XBMCServer","Meme Buy Qty":14752.386117924,"msg":"Meme Buy Qty"}
{"level":30,"time":"2024-05-24T03:56:02.932Z","pid":34468,"hostname":"XBMCServer","current price":"171.72","msg":"Current SOL Price in USD"}
{"level":30,"time":"2024-05-24T03:56:08.070Z","pid":34468,"hostname":"XBMCServer","Buy Price":6.77856444378859e-8,"Current Price":6.474309835783972e-8,"msg":"Buy and Current Price Details"}
{"level":30,"time":"2024-05-24T03:56:08.070Z","pid":34468,"hostname":"XBMCServer","Percent Chagne":4.4884814554417325,"msg":"Percent Change"}
{"level":30,"time":"2024-05-24T03:56:12.968Z","pid":34468,"hostname":"XBMCServer","Buy Price":6.77856444378859e-8,"Current Price":6.474309835783972e-8,"msg":"Buy and Current Price Details"}
{"level":30,"time":"2024-05-24T03:56:12.968Z","pid":34468,"hostname":"XBMCServer","Percent Chagne":4.4884814554417325,"msg":"Percent Change"}
{"level":30,"time":"2024-05-24T03:56:18.076Z","pid":34468,"hostname":"XBMCServer","Buy Price":6.77856444378859e-8,"Current Price":6.474309835783972e-8,"msg":"Buy and Current Price Details"}
{"level":30,"time":"2024-05-24T03:56:18.076Z","pid":34468,"hostname":"XBMCServer","Percent Chagne":4.4884814554417325,"msg":"Percent Change"}
{"level":30,"time":"2024-05-24T03:56:22.970Z","pid":34468,"hostname":"XBMCServer","Buy Price":6.77856444378859e-8,"Current Price":6.474309835783972e-8,"msg":"Buy and Current Price Details"}
{"level":30,"time":"2024-05-24T03:56:22.970Z","pid":34468,"hostname":"XBMCServer","Percent Chagne":4.4884814554417325,"msg":"Percent Change"}
{"level":30,"time":"2024-05-24T03:56:28.098Z","pid":34468,"hostname":"XBMCServer","Buy Price":6.77856444378859e-8,"Current Price":6.474309835783972e-8,"msg":"Buy and Current Price Details"}
{"level":30,"time":"2024-05-24T03:56:28.098Z","pid":34468,"hostname":"XBMCServer","Percent Chagne":4.4884814554417325,"msg":"Percent Change"}
{"level":30,"time":"2024-05-24T03:56:32.981Z","pid":34468,"hostname":"XBMCServer","Buy Price":6.77856444378859e-8,"Current Price":6.474309835783972e-8,"msg":"Buy and Current Price Details"}
{"level":30,"time":"2024-05-24T03:56:32.981Z","pid":34468,"hostname":"XBMCServer","Percent Chagne":4.4884814554417325,"msg":"Percent Change"}
{"level":30,"time":"2024-05-24T03:56:38.111Z","pid":34468,"hostname":"XBMCServer","Buy Price":6.77856444378859e-8,"Current Price":6.474309835783972e-8,"msg":"Buy and Current Price Details"}
{"level":30,"time":"2024-05-24T03:56:38.111Z","pid":34468,"hostname":"XBMCServer","Percent Chagne":4.4884814554417325,"msg":"Percent Change"}
{"level":30,"time":"2024-05-24T03:56:42.989Z","pid":34468,"hostname":"XBMCServer","Buy Price":6.77856444378859e-8,"Current Price":6.474309835783972e-8,"msg":"Buy and Current Price Details"}
{"level":30,"time":"2024-05-24T03:56:42.989Z","pid":34468,"hostname":"XBMCServer","Percent Chagne":4.4884814554417325,"msg":"Percent Change"}
{"level":30,"time":"2024-05-24T03:56:48.082Z","pid":34468,"hostname":"XBMCServer","Buy Price":6.77856444378859e-8,"Current Price":6.474309835783972e-8,"msg":"Buy and Current Price Details"}
{"level":30,"time":"2024-05-24T03:56:48.082Z","pid":34468,"hostname":"XBMCServer","Percent Chagne":4.4884814554417325,"msg":"Percent Change"}
{"level":30,"time":"2024-05-24T03:56:52.956Z","pid":34468,"hostname":"XBMCServer","msg":"Time to sell Meme"}
{"level":30,"time":"2024-05-24T12:27:58.891Z","pid":16664,"hostname":"XBMCServer","msg":"Start get balances"}
{"level":30,"time":"2024-05-24T12:27:58.929Z","pid":16664,"hostname":"XBMCServer","Meme Buy Price":6.77856444378859e-8,"msg":"Meme Buy Price"}
{"level":30,"time":"2024-05-24T12:27:58.929Z","pid":16664,"hostname":"XBMCServer","Meme Buy Qty":14752.386117924,"msg":"Meme Buy Qty"}
{"level":30,"time":"2024-05-24T12:27:58.962Z","pid":16664,"hostname":"XBMCServer","current price":"166.97","msg":"Current SOL Price in USD"}
{"level":30,"time":"2024-05-24T12:28:04.079Z","pid":16664,"hostname":"XBMCServer","Buy Price":6.77856444378859e-8,"Current Price":6.79706991691681e-8,"msg":"Buy and Current Price Details"}
{"level":30,"time":"2024-05-24T12:28:04.079Z","pid":16664,"hostname":"XBMCServer","Percent Chagne":-0.27299988488236515,"msg":"Percent Change"}
{"level":30,"time":"2024-05-24T12:28:08.990Z","pid":16664,"hostname":"XBMCServer","Buy Price":6.77856444378859e-8,"Current Price":6.79706991691681e-8,"msg":"Buy and Current Price Details"}
{"level":30,"time":"2024-05-24T12:28:08.990Z","pid":16664,"hostname":"XBMCServer","Percent Chagne":-0.27299988488236515,"msg":"Percent Change"}
{"level":30,"time":"2024-05-24T12:28:14.307Z","pid":16664,"hostname":"XBMCServer","Buy Price":6.77856444378859e-8,"Current Price":6.79706991691681e-8,"msg":"Buy and Current Price Details"}
{"level":30,"time":"2024-05-24T12:28:14.307Z","pid":16664,"hostname":"XBMCServer","Percent Chagne":-0.27299988488236515,"msg":"Percent Change"}
{"level":30,"time":"2024-05-24T12:28:19.000Z","pid":16664,"hostname":"XBMCServer","Buy Price":6.77856444378859e-8,"Current Price":6.79706991691681e-8,"msg":"Buy and Current Price Details"}
{"level":30,"time":"2024-05-24T12:28:19.000Z","pid":16664,"hostname":"XBMCServer","Percent Chagne":-0.27299988488236515,"msg":"Percent Change"}
{"level":30,"time":"2024-05-24T12:28:24.120Z","pid":16664,"hostname":"XBMCServer","Buy Price":6.77856444378859e-8,"Current Price":6.79706991691681e-8,"msg":"Buy and Current Price Details"}
{"level":30,"time":"2024-05-24T12:28:24.120Z","pid":16664,"hostname":"XBMCServer","Percent Chagne":-0.27299988488236515,"msg":"Percent Change"}
{"level":30,"time":"2024-05-24T12:28:29.023Z","pid":16664,"hostname":"XBMCServer","Buy Price":6.77856444378859e-8,"Current Price":6.79706991691681e-8,"msg":"Buy and Current Price Details"}
{"level":30,"time":"2024-05-24T12:28:29.023Z","pid":16664,"hostname":"XBMCServer","Percent Chagne":-0.27299988488236515,"msg":"Percent Change"}
{"level":30,"time":"2024-05-24T12:28:34.136Z","pid":16664,"hostname":"XBMCServer","Buy Price":6.77856444378859e-8,"Current Price":6.79706991691681e-8,"msg":"Buy and Current Price Details"}
{"level":30,"time":"2024-05-24T12:28:34.136Z","pid":16664,"hostname":"XBMCServer","Percent Chagne":-0.27299988488236515,"msg":"Percent Change"}
{"level":30,"time":"2024-05-24T12:28:39.047Z","pid":16664,"hostname":"XBMCServer","Buy Price":6.77856444378859e-8,"Current Price":6.79706991691681e-8,"msg":"Buy and Current Price Details"}
{"level":30,"time":"2024-05-24T12:28:39.047Z","pid":16664,"hostname":"XBMCServer","Percent Chagne":-0.27299988488236515,"msg":"Percent Change"}
{"level":30,"time":"2024-05-24T12:28:44.155Z","pid":16664,"hostname":"XBMCServer","Buy Price":6.77856444378859e-8,"Current Price":6.79706991691681e-8,"msg":"Buy and Current Price Details"}
{"level":30,"time":"2024-05-24T12:28:44.155Z","pid":16664,"hostname":"XBMCServer","Percent Chagne":-0.27299988488236515,"msg":"Percent Change"}
{"level":30,"time":"2024-05-24T12:28:49.024Z","pid":16664,"hostname":"XBMCServer","msg":"Time to sell Meme"}
{"level":30,"time":"2024-05-24T12:28:49.153Z","pid":16664,"hostname":"XBMCServer","Swap Meme for Sol txids":[["hY8mmZ7ZzaxtAQNwCmBGvkzvxjbzYCzLUzFix2Q3bWT2nVkuBv4qcMmWk2cCTdZYeZNsPjjMidfTMFJEjqkMS8P"]],"msg":"Swap Meme to SOL TxnIDs"}
{"level":30,"time":"2024-05-24T12:38:21.755Z","pid":35428,"hostname":"XBMCServer","msg":"Market Key Data Retrieved"}
{"level":30,"time":"2024-05-24T12:38:21.756Z","pid":35428,"hostname":"XBMCServer","msg":"Market decoded Data Retrieved"}
{"level":30,"time":"2024-05-24T12:38:21.865Z","pid":35428,"hostname":"XBMCServer","msg":"Pool Keys Retrieved"}
{"level":30,"time":"2024-05-24T12:38:21.865Z","pid":35428,"hostname":"XBMCServer","msg":"Start get balances"}
{"level":30,"time":"2024-05-24T12:38:21.908Z","pid":35428,"hostname":"XBMCServer","msg":"Token Balance Retrieved"}
{"level":30,"time":"2024-05-24T12:38:21.909Z","pid":35428,"hostname":"XBMCServer","msg":"SOL Price Retrieved"}
{"level":30,"time":"2024-05-24T12:38:21.909Z","pid":35428,"hostname":"XBMCServer","Meme Buy Price":6.77856444378859e-8,"msg":"Meme Buy Price"}
{"level":30,"time":"2024-05-24T12:38:21.909Z","pid":35428,"hostname":"XBMCServer","Meme Buy Qty":14752.386117924,"msg":"Meme Buy Qty"}
{"level":30,"time":"2024-05-24T12:38:21.937Z","pid":35428,"hostname":"XBMCServer","current price":"166.49","msg":"Current SOL Price in USD"}
{"level":30,"time":"2024-05-24T12:38:26.916Z","pid":35428,"hostname":"XBMCServer","Monitor Token Interval Count":0,"msg":"Monitor Token Interval Count"}
{"level":30,"time":"2024-05-24T12:38:27.063Z","pid":35428,"hostname":"XBMCServer","msg":"Current Price Retrieved"}
{"level":30,"time":"2024-05-24T12:38:27.063Z","pid":35428,"hostname":"XBMCServer","Buy Price":6.77856444378859e-8,"Current Price":6.79706991691681e-8,"msg":"Buy and Current Price Details"}
{"level":30,"time":"2024-05-24T12:38:27.063Z","pid":35428,"hostname":"XBMCServer","Percent Chagne":-0.27299988488236515,"msg":"Percent Change"}
{"level":30,"time":"2024-05-24T12:38:31.926Z","pid":35428,"hostname":"XBMCServer","Monitor Token Interval Count":1,"msg":"Monitor Token Interval Count"}
{"level":30,"time":"2024-05-24T12:38:31.973Z","pid":35428,"hostname":"XBMCServer","msg":"Current Price Retrieved"}
{"level":30,"time":"2024-05-24T12:38:31.973Z","pid":35428,"hostname":"XBMCServer","Buy Price":6.77856444378859e-8,"Current Price":6.79706991691681e-8,"msg":"Buy and Current Price Details"}
{"level":30,"time":"2024-05-24T12:38:31.973Z","pid":35428,"hostname":"XBMCServer","Percent Chagne":-0.27299988488236515,"msg":"Percent Change"}
{"level":30,"time":"2024-05-24T12:38:36.933Z","pid":35428,"hostname":"XBMCServer","Monitor Token Interval Count":2,"msg":"Monitor Token Interval Count"}
{"level":30,"time":"2024-05-24T12:38:37.134Z","pid":35428,"hostname":"XBMCServer","msg":"Current Price Retrieved"}
{"level":30,"time":"2024-05-24T12:38:37.134Z","pid":35428,"hostname":"XBMCServer","Buy Price":6.77856444378859e-8,"Current Price":6.79706991691681e-8,"msg":"Buy and Current Price Details"}
{"level":30,"time":"2024-05-24T12:38:37.134Z","pid":35428,"hostname":"XBMCServer","Percent Chagne":-0.27299988488236515,"msg":"Percent Change"}
{"level":30,"time":"2024-05-24T12:38:41.945Z","pid":35428,"hostname":"XBMCServer","Monitor Token Interval Count":3,"msg":"Monitor Token Interval Count"}
{"level":30,"time":"2024-05-24T12:38:41.993Z","pid":35428,"hostname":"XBMCServer","msg":"Current Price Retrieved"}
{"level":30,"time":"2024-05-24T12:38:41.993Z","pid":35428,"hostname":"XBMCServer","Buy Price":6.77856444378859e-8,"Current Price":6.79706991691681e-8,"msg":"Buy and Current Price Details"}
{"level":30,"time":"2024-05-24T12:38:41.993Z","pid":35428,"hostname":"XBMCServer","Percent Chagne":-0.27299988488236515,"msg":"Percent Change"}
{"level":30,"time":"2024-05-24T12:38:46.954Z","pid":35428,"hostname":"XBMCServer","Monitor Token Interval Count":4,"msg":"Monitor Token Interval Count"}
{"level":30,"time":"2024-05-24T12:38:47.152Z","pid":35428,"hostname":"XBMCServer","msg":"Current Price Retrieved"}
{"level":30,"time":"2024-05-24T12:38:47.152Z","pid":35428,"hostname":"XBMCServer","Buy Price":6.77856444378859e-8,"Current Price":6.79706991691681e-8,"msg":"Buy and Current Price Details"}
{"level":30,"time":"2024-05-24T12:38:47.152Z","pid":35428,"hostname":"XBMCServer","Percent Chagne":-0.27299988488236515,"msg":"Percent Change"}
{"level":30,"time":"2024-05-24T12:38:51.960Z","pid":35428,"hostname":"XBMCServer","Monitor Token Interval Count":5,"msg":"Monitor Token Interval Count"}
{"level":30,"time":"2024-05-24T12:38:52.004Z","pid":35428,"hostname":"XBMCServer","msg":"Current Price Retrieved"}
{"level":30,"time":"2024-05-24T12:38:52.004Z","pid":35428,"hostname":"XBMCServer","Buy Price":6.77856444378859e-8,"Current Price":6.79706991691681e-8,"msg":"Buy and Current Price Details"}
{"level":30,"time":"2024-05-24T12:38:52.004Z","pid":35428,"hostname":"XBMCServer","Percent Chagne":-0.27299988488236515,"msg":"Percent Change"}
{"level":30,"time":"2024-05-24T12:38:56.974Z","pid":35428,"hostname":"XBMCServer","Monitor Token Interval Count":6,"msg":"Monitor Token Interval Count"}
{"level":30,"time":"2024-05-24T12:38:57.118Z","pid":35428,"hostname":"XBMCServer","msg":"Current Price Retrieved"}
{"level":30,"time":"2024-05-24T12:38:57.118Z","pid":35428,"hostname":"XBMCServer","Buy Price":6.77856444378859e-8,"Current Price":6.79706991691681e-8,"msg":"Buy and Current Price Details"}
{"level":30,"time":"2024-05-24T12:38:57.118Z","pid":35428,"hostname":"XBMCServer","Percent Chagne":-0.27299988488236515,"msg":"Percent Change"}
{"level":30,"time":"2024-05-24T12:39:01.986Z","pid":35428,"hostname":"XBMCServer","Monitor Token Interval Count":7,"msg":"Monitor Token Interval Count"}
{"level":30,"time":"2024-05-24T12:39:02.031Z","pid":35428,"hostname":"XBMCServer","msg":"Current Price Retrieved"}
{"level":30,"time":"2024-05-24T12:39:02.031Z","pid":35428,"hostname":"XBMCServer","Buy Price":6.77856444378859e-8,"Current Price":6.79706991691681e-8,"msg":"Buy and Current Price Details"}
{"level":30,"time":"2024-05-24T12:39:02.031Z","pid":35428,"hostname":"XBMCServer","Percent Chagne":-0.27299988488236515,"msg":"Percent Change"}
{"level":30,"time":"2024-05-24T12:39:06.993Z","pid":35428,"hostname":"XBMCServer","Monitor Token Interval Count":8,"msg":"Monitor Token Interval Count"}
{"level":30,"time":"2024-05-24T12:39:07.135Z","pid":35428,"hostname":"XBMCServer","msg":"Current Price Retrieved"}
{"level":30,"time":"2024-05-24T12:39:07.135Z","pid":35428,"hostname":"XBMCServer","Buy Price":6.77856444378859e-8,"Current Price":6.79706991691681e-8,"msg":"Buy and Current Price Details"}
{"level":30,"time":"2024-05-24T12:39:07.135Z","pid":35428,"hostname":"XBMCServer","Percent Chagne":-0.27299988488236515,"msg":"Percent Change"}
{"level":30,"time":"2024-05-24T12:39:12.002Z","pid":35428,"hostname":"XBMCServer","msg":"Time to sell Meme"}
{"level":30,"time":"2024-05-24T12:39:12.026Z","pid":35428,"hostname":"XBMCServer","msg":"Trying to swap Meme for SOL"}
{"level":30,"time":"2024-05-24T12:39:12.126Z","pid":35428,"hostname":"XBMCServer","Swap Meme for Sol txids":[["Dn6L2T2VGcwCFnmC4zCCUvyU6oQijMGbNt4YV9NhbJkWB4SGC2LU41hdyKagYJ5Vy8m2vuUeE192CnyKcoc8NnV"]],"msg":"Swap Meme to SOL TxnIDs"}
{"level":30,"time":"2024-05-24T12:39:26.353Z","pid":35428,"hostname":"XBMCServer","msg":"Sold Meme for SOL"}
{"level":30,"time":"2024-05-24T12:57:18.843Z","pid":16332,"hostname":"XBMCServer","msg":"Opening WebSocket"}
{"level":30,"time":"2024-05-24T12:57:19.133Z","pid":16332,"hostname":"XBMCServer","msg":"txsFromblock is undefined."}
{"level":30,"time":"2024-05-24T12:58:34.266Z","pid":16332,"hostname":"XBMCServer","msg":"txsFromBlock found."}
{"level":30,"time":"2024-05-24T12:58:34.267Z","pid":16332,"hostname":"XBMCServer","msg":"Closing websocket."}
{"level":30,"time":"2024-05-24T12:58:37.537Z","pid":16332,"hostname":"XBMCServer","Key with marketId: ":{"pubkey":"HtsX2mcApcCRAY1e9wREhtPvmXjWxb1hRt6CDzzmQqH3","writable":true,"signer":true,"source":"transaction"},"msg":"MarketID Key"}
{"level":30,"time":"2024-05-24T12:58:37.558Z","pid":16332,"hostname":"XBMCServer","Found Time: ":"5/24/2024, 7:58:37 AM","msg":"Found"}
{"level":30,"time":"2024-05-24T12:58:37.558Z","pid":16332,"hostname":"XBMCServer","MarketID: ":"HtsX2mcApcCRAY1e9wREhtPvmXjWxb1hRt6CDzzmQqH3","msg":"MarketID"}
{"level":30,"time":"2024-05-24T12:58:37.559Z","pid":16332,"hostname":"XBMCServer","Token Address: ":"CBG7H1qdojbLJWTbUZjDpsQVNkdExeBrs1N2ZMzdXyNB","msg":"Token Address"}
{"level":30,"time":"2024-05-24T12:58:37.582Z","pid":16332,"hostname":"XBMCServer","msg":"Mint authority is revoked."}
{"level":30,"time":"2024-05-24T12:58:37.582Z","pid":16332,"hostname":"XBMCServer","msg":"Freeze authority is revoked."}
{"level":30,"time":"2024-05-24T12:58:37.606Z","pid":16332,"hostname":"XBMCServer","Supply: ":1000000000,"msg":"Token Supply"}
{"level":30,"time":"2024-05-24T12:58:38.192Z","pid":16332,"hostname":"XBMCServer","Pool Keys:":[{"id":"BtKM1wPvQDN19bkD9EHSZQGSV35AGTpv4EpanZA6t2bV","baseMint":"CBG7H1qdojbLJWTbUZjDpsQVNkdExeBrs1N2ZMzdXyNB","quoteMint":"So11111111111111111111111111111111111111112","lpMint":"BrHKn3qBoorrexz8QfXDpfgYxvei5Pr24s5G1HRTAUf1","baseDecimals":9,"quoteDecimals":9,"lpDecimals":9,"version":4,"programId":"675kPX9MHTjS2zt1qfr1NYHuzeLXfQM9H24wFSUt1Mp8","authority":"5Q544fKrFoe6tsEbD7S8EmxGTJYAKtTVhAW5Q5pge4j1","openOrders":"3LGSu9NpoRSSz1s71xnEqsJCLi8K6sikj1GCDovziBpu","targetOrders":"2LEWCkhBYfY6G9kt8kg45vGfKAMDyHz6AnvtxLnETeBf","baseVault":"7eE6sqFRUwJtY6qic4pvRsQ4mTUaDoPRSTssaoCCTPUX","quoteVault":"9LRzSdxNVw89ikBBY7bSSZN28Z3UWfiXUk5uhPSDvNyX","withdrawQueue":"11111111111111111111111111111111","lpVault":"11111111111111111111111111111111","marketVersion":3,"marketProgramId":"srmqPvymJeFKQ4zGQed1GFppgkRHL9kaELCbyksJtPX","marketId":"HtsX2mcApcCRAY1e9wREhtPvmXjWxb1hRt6CDzzmQqH3","marketAuthority":"aybd2dmC698f7boxKmHGfsKogjNx9ozwc4r2vzaAJto","marketBaseVault":"EfFkbxboMsy17bfs1RTWhwWFDBWMzpuFZrqLjRw2xjMs","marketQuoteVault":"AUdQCnrPKvhyghZSTGk2guJraZdoRxKAUyyeU5QgTkV8","marketBids":"EbpPi6pT4P5Z8DZLfw2r2S8w795Cp6MdR61R3kXMFCfo","marketAsks":"HMqY8PpUFxrwJbdTGaeEzQKjydSq1YRtFa6pcKNhfw5E","marketEventQueue":"2GLdWaPvLwnhGm1vFrmHcrPQAZFqorVYJ8uUkyR4KC44","lookupTableAccount":"11111111111111111111111111111111"}],"msg":"Pool Keys"}
{"level":30,"time":"2024-05-24T14:56:41.171Z","pid":17980,"hostname":"XBMCServer","Pool Keys:":[{"id":"BtKM1wPvQDN19bkD9EHSZQGSV35AGTpv4EpanZA6t2bV","baseMint":"CBG7H1qdojbLJWTbUZjDpsQVNkdExeBrs1N2ZMzdXyNB","quoteMint":"So11111111111111111111111111111111111111112","lpMint":"BrHKn3qBoorrexz8QfXDpfgYxvei5Pr24s5G1HRTAUf1","baseDecimals":9,"quoteDecimals":9,"lpDecimals":9,"version":4,"programId":"675kPX9MHTjS2zt1qfr1NYHuzeLXfQM9H24wFSUt1Mp8","authority":"5Q544fKrFoe6tsEbD7S8EmxGTJYAKtTVhAW5Q5pge4j1","openOrders":"3LGSu9NpoRSSz1s71xnEqsJCLi8K6sikj1GCDovziBpu","targetOrders":"2LEWCkhBYfY6G9kt8kg45vGfKAMDyHz6AnvtxLnETeBf","baseVault":"7eE6sqFRUwJtY6qic4pvRsQ4mTUaDoPRSTssaoCCTPUX","quoteVault":"9LRzSdxNVw89ikBBY7bSSZN28Z3UWfiXUk5uhPSDvNyX","withdrawQueue":"11111111111111111111111111111111","lpVault":"11111111111111111111111111111111","marketVersion":3,"marketProgramId":"srmqPvymJeFKQ4zGQed1GFppgkRHL9kaELCbyksJtPX","marketId":"HtsX2mcApcCRAY1e9wREhtPvmXjWxb1hRt6CDzzmQqH3","marketAuthority":"aybd2dmC698f7boxKmHGfsKogjNx9ozwc4r2vzaAJto","marketBaseVault":"EfFkbxboMsy17bfs1RTWhwWFDBWMzpuFZrqLjRw2xjMs","marketQuoteVault":"AUdQCnrPKvhyghZSTGk2guJraZdoRxKAUyyeU5QgTkV8","marketBids":"EbpPi6pT4P5Z8DZLfw2r2S8w795Cp6MdR61R3kXMFCfo","marketAsks":"HMqY8PpUFxrwJbdTGaeEzQKjydSq1YRtFa6pcKNhfw5E","marketEventQueue":"2GLdWaPvLwnhGm1vFrmHcrPQAZFqorVYJ8uUkyR4KC44","lookupTableAccount":"11111111111111111111111111111111"}],"msg":"Pool Keys"}
{"level":30,"time":"2024-05-24T14:59:04.508Z","pid":24524,"hostname":"XBMCServer","Pool Keys:":[{"id":"BtKM1wPvQDN19bkD9EHSZQGSV35AGTpv4EpanZA6t2bV","baseMint":"CBG7H1qdojbLJWTbUZjDpsQVNkdExeBrs1N2ZMzdXyNB","quoteMint":"So11111111111111111111111111111111111111112","lpMint":"BrHKn3qBoorrexz8QfXDpfgYxvei5Pr24s5G1HRTAUf1","baseDecimals":9,"quoteDecimals":9,"lpDecimals":9,"version":4,"programId":"675kPX9MHTjS2zt1qfr1NYHuzeLXfQM9H24wFSUt1Mp8","authority":"5Q544fKrFoe6tsEbD7S8EmxGTJYAKtTVhAW5Q5pge4j1","openOrders":"3LGSu9NpoRSSz1s71xnEqsJCLi8K6sikj1GCDovziBpu","targetOrders":"2LEWCkhBYfY6G9kt8kg45vGfKAMDyHz6AnvtxLnETeBf","baseVault":"7eE6sqFRUwJtY6qic4pvRsQ4mTUaDoPRSTssaoCCTPUX","quoteVault":"9LRzSdxNVw89ikBBY7bSSZN28Z3UWfiXUk5uhPSDvNyX","withdrawQueue":"11111111111111111111111111111111","lpVault":"11111111111111111111111111111111","marketVersion":3,"marketProgramId":"srmqPvymJeFKQ4zGQed1GFppgkRHL9kaELCbyksJtPX","marketId":"HtsX2mcApcCRAY1e9wREhtPvmXjWxb1hRt6CDzzmQqH3","marketAuthority":"aybd2dmC698f7boxKmHGfsKogjNx9ozwc4r2vzaAJto","marketBaseVault":"EfFkbxboMsy17bfs1RTWhwWFDBWMzpuFZrqLjRw2xjMs","marketQuoteVault":"AUdQCnrPKvhyghZSTGk2guJraZdoRxKAUyyeU5QgTkV8","marketBids":"EbpPi6pT4P5Z8DZLfw2r2S8w795Cp6MdR61R3kXMFCfo","marketAsks":"HMqY8PpUFxrwJbdTGaeEzQKjydSq1YRtFa6pcKNhfw5E","marketEventQueue":"2GLdWaPvLwnhGm1vFrmHcrPQAZFqorVYJ8uUkyR4KC44","lookupTableAccount":"11111111111111111111111111111111"}],"msg":"Pool Keys"}
{"level":30,"time":"2024-05-24T14:59:04.533Z","pid":24524,"hostname":"XBMCServer","Pool Open Time":"2024-05-24T13:03:00.000Z","msg":"Pool Open Time"}
{"level":30,"time":"2024-05-24T14:59:04.533Z","pid":24524,"hostname":"XBMCServer","Decoded LP Data":[{"status":"06","nonce":"fe","maxOrder":"07","depth":"03","baseDecimal":"09","quoteDecimal":"09","state":"01","resetFlag":"00","minSize":"3b9aca00","volMaxCutRatio":"01f4","amountWaveRatio":"4c4b40","baseLotSize":"3b9aca00","quoteLotSize":"03e8","minPriceMultiplier":"01","maxPriceMultiplier":"3b9aca00","systemDecimalValue":"3b9aca00","minSeparateNumerator":"05","minSeparateDenominator":"2710","tradeFeeNumerator":"19","tradeFeeDenominator":"2710","pnlNumerator":"0c","pnlDenominator":"64","swapFeeNumerator":"19","swapFeeDenominator":"2710","baseNeedTakePnl":"00","quoteNeedTakePnl":"00","quoteTotalPnl":"00","baseTotalPnl":"00","poolOpenTime":"66509004","punishPcAmount":"00","punishCoinAmount":"00","orderbookToInitTime":"00","swapBaseInAmount":"0dbb9655c3086b83","swapQuoteOutAmount":"01ab8c4dab","swapBase2QuoteFee":"535212","swapQuoteInAmount":"82302b4e","swapBaseOutAmount":"011f8aef4d3d3e9c","swapQuote2BaseFee":"08c9f9d07cd241","baseVault":"7eE6sqFRUwJtY6qic4pvRsQ4mTUaDoPRSTssaoCCTPUX","quoteVault":"9LRzSdxNVw89ikBBY7bSSZN28Z3UWfiXUk5uhPSDvNyX","baseMint":"CBG7H1qdojbLJWTbUZjDpsQVNkdExeBrs1N2ZMzdXyNB","quoteMint":"So11111111111111111111111111111111111111112","lpMint":"BrHKn3qBoorrexz8QfXDpfgYxvei5Pr24s5G1HRTAUf1","openOrders":"3LGSu9NpoRSSz1s71xnEqsJCLi8K6sikj1GCDovziBpu","marketId":"HtsX2mcApcCRAY1e9wREhtPvmXjWxb1hRt6CDzzmQqH3","marketProgramId":"srmqPvymJeFKQ4zGQed1GFppgkRHL9kaELCbyksJtPX","targetOrders":"2LEWCkhBYfY6G9kt8kg45vGfKAMDyHz6AnvtxLnETeBf","withdrawQueue":"11111111111111111111111111111111","lpVault":"11111111111111111111111111111111","owner":"GThUX1Atko4tqhN2NaiTazWSeFWMuiUvfFnyJyUghFMJ","lpReserve":"02e0466fc608","padding":["00","00","00"]}],"msg":"Decoded LP Data"}
{"level":30,"time":"2024-05-24T14:59:04.534Z","pid":24524,"hostname":"XBMCServer","maxOrder":"7","msg":"Max LP Order"}
{"level":30,"time":"2024-05-24T14:59:04.534Z","pid":24524,"hostname":"XBMCServer","minSize":"1000000000","msg":"Min LP Size"}
{"level":30,"time":"2024-05-24T14:59:04.557Z","pid":24524,"hostname":"XBMCServer","mintInfo":[{"decimals":9,"freezeAuthority":null,"isInitialized":true,"mintAuthority":"5Q544fKrFoe6tsEbD7S8EmxGTJYAKtTVhAW5Q5pge4j1","supply":"0"}],"msg":"Mint Info"}
{"level":30,"time":"2024-05-24T15:03:22.217Z","pid":10212,"hostname":"XBMCServer","msg":"Opening WebSocket"}
{"level":30,"time":"2024-05-24T15:03:22.448Z","pid":10212,"hostname":"XBMCServer","msg":"txsFromblock is undefined."}
{"level":30,"time":"2024-05-24T15:03:43.123Z","pid":10212,"hostname":"XBMCServer","msg":"txsFromBlock found."}
{"level":30,"time":"2024-05-24T15:03:43.123Z","pid":10212,"hostname":"XBMCServer","msg":"Closing websocket."}
{"level":30,"time":"2024-05-24T15:03:57.409Z","pid":10212,"hostname":"XBMCServer","Key with marketId: ":{"pubkey":"pkCNiHrkPQjwyaUUiC6dRNpUx6HbDVLHukVBQUxJsjH","writable":true,"signer":true,"source":"transaction"},"msg":"MarketID Key"}
{"level":30,"time":"2024-05-24T15:03:57.428Z","pid":10212,"hostname":"XBMCServer","Found Time: ":"5/24/2024, 10:03:57 AM","msg":"Found"}
{"level":30,"time":"2024-05-24T15:03:57.428Z","pid":10212,"hostname":"XBMCServer","MarketID: ":"pkCNiHrkPQjwyaUUiC6dRNpUx6HbDVLHukVBQUxJsjH","msg":"MarketID"}
{"level":30,"time":"2024-05-24T15:03:57.429Z","pid":10212,"hostname":"XBMCServer","Token Address: ":"9ya5Ef4z3vQwTUzfWVP6YuRNNYVWT3TFEzmTSbvyRPBm","msg":"Token Address"}
{"level":30,"time":"2024-05-24T15:03:57.451Z","pid":10212,"hostname":"XBMCServer","msg":"Mint authority is revoked."}
{"level":30,"time":"2024-05-24T15:03:57.451Z","pid":10212,"hostname":"XBMCServer","msg":"Freeze authority is revoked."}
{"level":30,"time":"2024-05-24T15:03:57.472Z","pid":10212,"hostname":"XBMCServer","Supply: ":1000000000,"msg":"Token Supply"}
{"level":30,"time":"2024-05-24T15:03:58.051Z","pid":10212,"hostname":"XBMCServer","Pool Keys:":[{"id":"79wgYxRJFPQnCA6LK4ZEUNXzJMyBZLBBiTezC2gqE6rt","baseMint":"9ya5Ef4z3vQwTUzfWVP6YuRNNYVWT3TFEzmTSbvyRPBm","quoteMint":"So11111111111111111111111111111111111111112","lpMint":"F4B7f9cosFHT14xduU7nrmS9wFcAkCk1MGQSBqZnFpfP","baseDecimals":9,"quoteDecimals":9,"lpDecimals":9,"version":4,"programId":"675kPX9MHTjS2zt1qfr1NYHuzeLXfQM9H24wFSUt1Mp8","authority":"5Q544fKrFoe6tsEbD7S8EmxGTJYAKtTVhAW5Q5pge4j1","openOrders":"E3mpgt3WgNeYQKyVjSyAV2RtwVBf58YZgeNfUQLfqN2R","targetOrders":"5Que5zKhsQaM8otER2oXJCro4P7uEkVjKj6P1vqvJW9n","baseVault":"2QG2cWsDpy3RRxhqhkYmVKPyUdkwBhBqq8v2EvgtdLSH","quoteVault":"4rfW52VYRcfAk3g6rPiWpFhjg2WZ8aZ1urMXnUvPxsgq","withdrawQueue":"11111111111111111111111111111111","lpVault":"11111111111111111111111111111111","marketVersion":3,"marketProgramId":"srmqPvymJeFKQ4zGQed1GFppgkRHL9kaELCbyksJtPX","marketId":"pkCNiHrkPQjwyaUUiC6dRNpUx6HbDVLHukVBQUxJsjH","marketAuthority":"7uQoTUhqy6VpMtFfZJg7xFi22hhfHXJcskw5iZWUkLvd","marketBaseVault":"GB82ZMeGVqUxDLqXkQL9LUq7AjLHgUNAqMHbYZYTQu1d","marketQuoteVault":"9aN4ndKjzahttSRk7TMBD2BuKBDKq4bJpBfRSb16j37T","marketBids":"UTRDtwRvtrts9qiTbiHx7F88Q6iMkSsSY6sKRKkiZSY","marketAsks":"D5kNtcjdbY6VpBESbLcWyDuFaPCxEhaMSqT3uNq5Q7w2","marketEventQueue":"FLWfd5y93aghpsvsN4WwpMgXWVMyPbkBN7KraJ9HxnsT","lookupTableAccount":"11111111111111111111111111111111"}],"msg":"Pool Keys"}
{"level":30,"time":"2024-05-24T15:03:58.074Z","pid":10212,"hostname":"XBMCServer","Pool Open Time":"2024-05-24T15:02:50.000Z","msg":"Pool Open Time"}
{"level":30,"time":"2024-05-24T15:03:58.074Z","pid":10212,"hostname":"XBMCServer","Decoded LP Data":[{"status":"06","nonce":"fe","maxOrder":"07","depth":"03","baseDecimal":"09","quoteDecimal":"09","state":"01","resetFlag":"00","minSize":"b2d05e00","volMaxCutRatio":"01f4","amountWaveRatio":"4c4b40","baseLotSize":"b2d05e00","quoteLotSize":"b2d05e00","minPriceMultiplier":"01","maxPriceMultiplier":"3b9aca00","systemDecimalValue":"3b9aca00","minSeparateNumerator":"05","minSeparateDenominator":"2710","tradeFeeNumerator":"19","tradeFeeDenominator":"2710","pnlNumerator":"0c","pnlDenominator":"64","swapFeeNumerator":"19","swapFeeDenominator":"2710","baseNeedTakePnl":"00","quoteNeedTakePnl":"00","quoteTotalPnl":"00","baseTotalPnl":"00","poolOpenTime":"6650ac1a","punishPcAmount":"00","punishCoinAmount":"00","orderbookToInitTime":"00","swapBaseInAmount":"00","swapQuoteOutAmount":"00","swapBase2QuoteFee":"01c9c380","swapQuoteInAmount":"02cb417800","swapBaseOutAmount":"09823aa7a438a5e1","swapQuote2BaseFee":"00","baseVault":"2QG2cWsDpy3RRxhqhkYmVKPyUdkwBhBqq8v2EvgtdLSH","quoteVault":"4rfW52VYRcfAk3g6rPiWpFhjg2WZ8aZ1urMXnUvPxsgq","baseMint":"9ya5Ef4z3vQwTUzfWVP6YuRNNYVWT3TFEzmTSbvyRPBm","quoteMint":"So11111111111111111111111111111111111111112","lpMint":"F4B7f9cosFHT14xduU7nrmS9wFcAkCk1MGQSBqZnFpfP","openOrders":"E3mpgt3WgNeYQKyVjSyAV2RtwVBf58YZgeNfUQLfqN2R","marketId":"pkCNiHrkPQjwyaUUiC6dRNpUx6HbDVLHukVBQUxJsjH","marketProgramId":"srmqPvymJeFKQ4zGQed1GFppgkRHL9kaELCbyksJtPX","targetOrders":"5Que5zKhsQaM8otER2oXJCro4P7uEkVjKj6P1vqvJW9n","withdrawQueue":"11111111111111111111111111111111","lpVault":"11111111111111111111111111111111","owner":"GThUX1Atko4tqhN2NaiTazWSeFWMuiUvfFnyJyUghFMJ","lpReserve":"43732ec39a2c","padding":["00","00","00"]}],"msg":"Decoded LP Data"}
{"level":30,"time":"2024-05-24T15:03:58.074Z","pid":10212,"hostname":"XBMCServer","maxOrder":"7","msg":"Max LP Order"}
{"level":30,"time":"2024-05-24T15:03:58.074Z","pid":10212,"hostname":"XBMCServer","minSize":"3000000000","msg":"Min LP Size"}
{"level":30,"time":"2024-05-24T15:03:58.621Z","pid":10212,"hostname":"XBMCServer","mintInfo":[{"decimals":9,"freezeAuthority":null,"isInitialized":true,"mintAuthority":"5Q544fKrFoe6tsEbD7S8EmxGTJYAKtTVhAW5Q5pge4j1","supply":"74160984870956"}],"msg":"Mint Info"}
{"level":30,"time":"2024-05-24T15:03:58.621Z","pid":10212,"hostname":"XBMCServer","msg":"Time to buy Meme"}
{"level":30,"time":"2024-05-24T15:03:59.287Z","pid":10212,"hostname":"XBMCServer","Swap Sol for Meme txids":[["2ocPvrMc3YapzpgqzTmxJeS9HHXD7yqcfgAgDTRUMMK7ZhJidGtYPnSx3MB4jiieckyPUfA1G38ZsFW6N8fw8AL1"]],"msg":"SOL to Meme TxnIDs"}
{"level":30,"time":"2024-05-24T15:06:11.580Z","pid":33316,"hostname":"XBMCServer","msg":"Market Key Data Retrieved"}
{"level":30,"time":"2024-05-24T15:06:11.581Z","pid":33316,"hostname":"XBMCServer","msg":"Market decoded Data Retrieved"}
{"level":30,"time":"2024-05-24T15:06:11.692Z","pid":33316,"hostname":"XBMCServer","msg":"Pool Keys Retrieved"}
{"level":30,"time":"2024-05-24T15:06:58.753Z","pid":19608,"hostname":"XBMCServer","msg":"Market Key Data Retrieved"}
{"level":30,"time":"2024-05-24T15:06:58.754Z","pid":19608,"hostname":"XBMCServer","msg":"Market decoded Data Retrieved"}
{"level":30,"time":"2024-05-24T15:06:58.865Z","pid":19608,"hostname":"XBMCServer","msg":"Pool Keys Retrieved"}
{"level":30,"time":"2024-05-24T15:06:58.865Z","pid":19608,"hostname":"XBMCServer","msg":"Start get balances"}
{"level":30,"time":"2024-05-24T15:06:58.907Z","pid":19608,"hostname":"XBMCServer","msg":"Token Balance Retrieved"}
{"level":30,"time":"2024-05-24T15:06:58.907Z","pid":19608,"hostname":"XBMCServer","msg":"Time to sell Meme"}
{"level":30,"time":"2024-05-24T15:06:58.935Z","pid":19608,"hostname":"XBMCServer","msg":"Trying to swap Meme for SOL"}
{"level":30,"time":"2024-05-24T15:06:59.594Z","pid":19608,"hostname":"XBMCServer","Swap Meme for Sol txids":[["3t7Bdx3LSrGbFmpq3SY4gyASqFEd1Ny7yhL4cZrMawGFeUcFJfE7yvUBxAzscscPLwjb2Cwvj2or5kBjHzph6o3p"]],"msg":"Swap Meme to SOL TxnIDs"}
{"level":30,"time":"2024-05-24T15:07:09.190Z","pid":19608,"hostname":"XBMCServer","msg":"Sold Meme for SOL"}
{"level":30,"time":"2024-05-24T15:07:09.190Z","pid":19608,"hostname":"XBMCServer","msg":"Current SOL Balance"}
{"level":30,"time":"2024-05-24T15:15:46.696Z","pid":35564,"hostname":"XBMCServer","msg":"Opening WebSocket"}
{"level":30,"time":"2024-05-24T15:15:46.900Z","pid":35564,"hostname":"XBMCServer","msg":"txsFromblock is undefined."}
{"level":30,"time":"2024-05-24T15:16:16.678Z","pid":35564,"hostname":"XBMCServer","msg":"txsFromBlock found."}
{"level":30,"time":"2024-05-24T15:16:16.680Z","pid":35564,"hostname":"XBMCServer","msg":"Closing websocket."}
{"level":30,"time":"2024-05-24T15:16:25.360Z","pid":35564,"hostname":"XBMCServer","Key with marketId: ":{"pubkey":"BDwUKGGMXdAe9LDkUL5ha5UdBqDfKywn6W4NZnZhxmEB","writable":true,"signer":true,"source":"transaction"},"msg":"MarketID Key"}
{"level":30,"time":"2024-05-24T15:16:25.382Z","pid":35564,"hostname":"XBMCServer","Found Time: ":"5/24/2024, 10:16:25 AM","msg":"Found"}
{"level":30,"time":"2024-05-24T15:16:25.382Z","pid":35564,"hostname":"XBMCServer","MarketID: ":"BDwUKGGMXdAe9LDkUL5ha5UdBqDfKywn6W4NZnZhxmEB","msg":"MarketID"}
{"level":30,"time":"2024-05-24T15:16:25.382Z","pid":35564,"hostname":"XBMCServer","Token Address: ":"66gpwLb1TC1yHGMGdnSZK7RMc1AyN5oBd7vXSejPGtty","msg":"Token Address"}
{"level":30,"time":"2024-05-24T15:16:25.405Z","pid":35564,"hostname":"XBMCServer","msg":"Mint authority is revoked."}
{"level":30,"time":"2024-05-24T15:16:25.406Z","pid":35564,"hostname":"XBMCServer","msg":"Freeze authority is revoked."}
{"level":30,"time":"2024-05-24T15:16:25.428Z","pid":35564,"hostname":"XBMCServer","Supply: ":1000000000,"msg":"Token Supply"}
{"level":30,"time":"2024-05-24T15:16:26.003Z","pid":35564,"hostname":"XBMCServer","Pool Keys:":[{"id":"6KaasdaCVFL4eBkB56ryL3xyGPdRYLkWDpoRuEhNy9Kw","baseMint":"66gpwLb1TC1yHGMGdnSZK7RMc1AyN5oBd7vXSejPGtty","quoteMint":"So11111111111111111111111111111111111111112","lpMint":"rk2y3B9iirtJj9p7dFrVYyZ9jgzcw7ueSRPQdbCg8Ta","baseDecimals":9,"quoteDecimals":9,"lpDecimals":9,"version":4,"programId":"675kPX9MHTjS2zt1qfr1NYHuzeLXfQM9H24wFSUt1Mp8","authority":"5Q544fKrFoe6tsEbD7S8EmxGTJYAKtTVhAW5Q5pge4j1","openOrders":"GnbPECqgGi4j7Mtf62AYmKX7ynnhUazoSPHrdeXsC9G7","targetOrders":"9ST4uMNCcDuTLRP9hj1YgSNokCAj3uKwHJSvsc1HHnMX","baseVault":"7A6y1mzmaAfgDuBskCSZqU5yMv5WyriqWxbTgyYbsqze","quoteVault":"3MpzaLhmgTrKVk96TdqKn75rnUesCgSBcMzMmNSkFwV4","withdrawQueue":"11111111111111111111111111111111","lpVault":"11111111111111111111111111111111","marketVersion":3,"marketProgramId":"srmqPvymJeFKQ4zGQed1GFppgkRHL9kaELCbyksJtPX","marketId":"BDwUKGGMXdAe9LDkUL5ha5UdBqDfKywn6W4NZnZhxmEB","marketAuthority":"HQptk5viSUwDay9UZKEaeJQf6AquJUMy5oU2CPoR4CqE","marketBaseVault":"92Dvt3GKEaWwyeYSuZ1honnn9hQzRc5KvrvRiDp6pG6h","marketQuoteVault":"4wdpYjHgH6mQr9wWLCpoS4M8f6nJozVVKiXBJ5wU8XKS","marketBids":"G7cPDrdtzwBtqaGkMfjopA6YQJvvkyzwz8ejDN4w6rVq","marketAsks":"5NZPeG2e8Evb16msybHe6ukGpxx7jVVH9LA5iTKgyxwt","marketEventQueue":"65hTGyMbFZLiUEk8ckWdDacYzLG4DWNxwikEczHgm16u","lookupTableAccount":"11111111111111111111111111111111"}],"msg":"Pool Keys"}
{"level":30,"time":"2024-05-24T15:16:26.025Z","pid":35564,"hostname":"XBMCServer","msg":"LP Info is NULL"}
{"level":30,"time":"2024-05-24T15:16:26.025Z","pid":35564,"hostname":"XBMCServer","msg":"Opening WebSocket"}
{"level":30,"time":"2024-05-24T15:16:26.147Z","pid":35564,"hostname":"XBMCServer","msg":"txsFromblock is undefined."}
{"level":30,"time":"2024-05-24T15:21:41.841Z","pid":35564,"hostname":"XBMCServer","msg":"txsFromBlock found."}
{"level":30,"time":"2024-05-24T15:21:41.842Z","pid":35564,"hostname":"XBMCServer","msg":"Closing websocket."}
{"level":30,"time":"2024-05-24T15:21:55.228Z","pid":35564,"hostname":"XBMCServer","Key with marketId: ":{"pubkey":"A9yibEoe2fs1USTe3m1VG9qCaFWjmj7RZGd2CWB3RZGn","writable":true,"signer":false,"source":"transaction"},"msg":"MarketID Key"}
{"level":30,"time":"2024-05-24T15:21:55.228Z","pid":35564,"hostname":"XBMCServer","Found Time: ":"5/24/2024, 10:21:55 AM","msg":"Found"}
{"level":30,"time":"2024-05-24T15:21:55.228Z","pid":35564,"hostname":"XBMCServer","MarketID: ":"A9yibEoe2fs1USTe3m1VG9qCaFWjmj7RZGd2CWB3RZGn","msg":"MarketID"}
{"level":30,"time":"2024-05-24T15:21:55.229Z","pid":35564,"hostname":"XBMCServer","Token Address: ":"JDhUWDzHhWSWeqmk7yTGb3RGyzsEacnZHoxuYuoZEu2x","msg":"Token Address"}
{"level":30,"time":"2024-05-24T15:21:55.776Z","pid":35564,"hostname":"XBMCServer","msg":"Mint authority is revoked."}
{"level":30,"time":"2024-05-24T15:21:55.776Z","pid":35564,"hostname":"XBMCServer","msg":"Freeze authority is revoked."}
{"level":30,"time":"2024-05-24T15:21:55.798Z","pid":35564,"hostname":"XBMCServer","Supply: ":1000000000,"msg":"Token Supply"}
{"level":30,"time":"2024-05-24T15:21:56.379Z","pid":35564,"hostname":"XBMCServer","Pool Keys:":[{"id":"Du7W4EAZEfGpgzK8XRXnVmts9fmnPa7rGn9rin9hB6U7","baseMint":"JDhUWDzHhWSWeqmk7yTGb3RGyzsEacnZHoxuYuoZEu2x","quoteMint":"So11111111111111111111111111111111111111112","lpMint":"AjSFsNnVWmzTAFsXYjaJsqDT3SFU3e6ModPYy6c5c4mJ","baseDecimals":9,"quoteDecimals":9,"lpDecimals":9,"version":4,"programId":"675kPX9MHTjS2zt1qfr1NYHuzeLXfQM9H24wFSUt1Mp8","authority":"5Q544fKrFoe6tsEbD7S8EmxGTJYAKtTVhAW5Q5pge4j1","openOrders":"BCMzFmJNasPGwSADkWrUMHFP9q67H8vbuEJJdKCS9uQi","targetOrders":"9nGguqK862nr4W6RSXjWaRH6hQKVkZk1yGqQrVRfkzpE","baseVault":"2tovDnbgim7m4TWsiet3u8qZXqZd2Gffo8me6skCv51X","quoteVault":"Eq5VHRB8qvA5nddnb8PvLdowxhgvCbNJXwK939wus1Gi","withdrawQueue":"11111111111111111111111111111111","lpVault":"11111111111111111111111111111111","marketVersion":3,"marketProgramId":"srmqPvymJeFKQ4zGQed1GFppgkRHL9kaELCbyksJtPX","marketId":"A9yibEoe2fs1USTe3m1VG9qCaFWjmj7RZGd2CWB3RZGn","marketAuthority":"4xgeNrZnY87rvMkCU8BT1hGTZZW2zi6B7vmY9u4ViTA8","marketBaseVault":"4XRsZ3p83c13zLMamZBuoVg9BEkHhYq4crD5XYamCwWg","marketQuoteVault":"7aDNchGz8fRhDE2txZZH7CXW9n8RKuxVX9UeUzxCB4ub","marketBids":"33okcqEicKq6Dekay3ZPc7Nq9AAq6xfdxXoDFGAYCxbJ","marketAsks":"39s1wN7enocReqeFW2Xsj5GACGuzv7GzjBsipfdiz4M1","marketEventQueue":"57xxKqZBGeiiqXNnUovEhQQPSrXW7uK6NVcxVNN39HLz","lookupTableAccount":"11111111111111111111111111111111"}],"msg":"Pool Keys"}
{"level":30,"time":"2024-05-24T15:21:56.401Z","pid":35564,"hostname":"XBMCServer","msg":"LP Info is NULL"}
{"level":30,"time":"2024-05-24T15:21:56.401Z","pid":35564,"hostname":"XBMCServer","msg":"Opening WebSocket"}
{"level":30,"time":"2024-05-24T15:21:56.557Z","pid":35564,"hostname":"XBMCServer","msg":"txsFromblock is undefined."}
{"level":30,"time":"2024-05-24T15:22:17.820Z","pid":35564,"hostname":"XBMCServer","msg":"txsFromBlock found."}
{"level":30,"time":"2024-05-24T15:22:17.820Z","pid":35564,"hostname":"XBMCServer","msg":"Closing websocket."}
{"level":30,"time":"2024-05-24T15:22:30.568Z","pid":35564,"hostname":"XBMCServer","Key with marketId: ":{"pubkey":"51v5JvrJToKSUtqht6br9NMSXqWwDjJ7Sm7gTtt4fcUA","writable":true,"signer":true,"source":"transaction"},"msg":"MarketID Key"}
{"level":30,"time":"2024-05-24T15:22:30.568Z","pid":35564,"hostname":"XBMCServer","Found Time: ":"5/24/2024, 10:22:30 AM","msg":"Found"}
{"level":30,"time":"2024-05-24T15:22:30.568Z","pid":35564,"hostname":"XBMCServer","MarketID: ":"51v5JvrJToKSUtqht6br9NMSXqWwDjJ7Sm7gTtt4fcUA","msg":"MarketID"}
{"level":30,"time":"2024-05-24T15:22:30.568Z","pid":35564,"hostname":"XBMCServer","Token Address: ":"BR68bHoqibSzdTu3A4u6LkKU36ZfaKjvWYFbzMGCWz85","msg":"Token Address"}
{"level":30,"time":"2024-05-24T15:22:31.117Z","pid":35564,"hostname":"XBMCServer","msg":"Mint authority is revoked."}
{"level":30,"time":"2024-05-24T15:22:31.117Z","pid":35564,"hostname":"XBMCServer","msg":"Freeze authority is revoked."}
{"level":30,"time":"2024-05-24T15:22:31.138Z","pid":35564,"hostname":"XBMCServer","Supply: ":1000000000,"msg":"Token Supply"}
{"level":30,"time":"2024-05-24T15:22:31.187Z","pid":35564,"hostname":"XBMCServer","Pool Keys:":[{"id":"BBDcg55XFJtLexYRgcz9rhVEhNpd1tSr9c6xyd9cPLBM","baseMint":"BR68bHoqibSzdTu3A4u6LkKU36ZfaKjvWYFbzMGCWz85","quoteMint":"So11111111111111111111111111111111111111112","lpMint":"59YngKdMjapfzv7LvNr4t2UYatr2CnGvhwpgZtCsFhve","baseDecimals":9,"quoteDecimals":9,"lpDecimals":9,"version":4,"programId":"675kPX9MHTjS2zt1qfr1NYHuzeLXfQM9H24wFSUt1Mp8","authority":"5Q544fKrFoe6tsEbD7S8EmxGTJYAKtTVhAW5Q5pge4j1","openOrders":"AuwDcMgt273AFCMjX5ZsARwVUjUJ9gAHiGN9oETBYWKN","targetOrders":"CtiKcdaDrbeE7hUgRfP1696q4zboeKJvp7u18p8KxjEn","baseVault":"9kr36iGHjwut98zjHMFo6wZprrp4L91hKunrVbLu3vGf","quoteVault":"AQSUg8fcCZxSopFTfkBGAF7MD49PRKaEvHjsmMUgVrzw","withdrawQueue":"11111111111111111111111111111111","lpVault":"11111111111111111111111111111111","marketVersion":3,"marketProgramId":"srmqPvymJeFKQ4zGQed1GFppgkRHL9kaELCbyksJtPX","marketId":"51v5JvrJToKSUtqht6br9NMSXqWwDjJ7Sm7gTtt4fcUA","marketAuthority":"AtJGuikrMteYm8LeTTHMZpTJc1yLYmWPMxK7ArtJ5iBY","marketBaseVault":"D9pP1uEpzH6NEeFovUFKB4yXjtGiKH6ba68L9fzBf16e","marketQuoteVault":"7YtTY62wTETv3cAG8Pav5myBrMGHgY6NTzMjwzeCv5kG","marketBids":"Er8CZVny5Uw35H5W1SMLqCdQNgPHiRtjgX3G9EKwwJoj","marketAsks":"FE2GcAUGbWT3kjTPHcbbgANkk4M78wt5xkJBSpxz6KZ","marketEventQueue":"3CGDYR16ox1KwhsiQnjt8zovFYXMxiVSMif8wySJhh3S","lookupTableAccount":"11111111111111111111111111111111"}],"msg":"Pool Keys"}
{"level":30,"time":"2024-05-24T15:22:31.739Z","pid":35564,"hostname":"XBMCServer","Pool Open Time":"2024-05-24T15:21:38.000Z","msg":"Pool Open Time"}
{"level":30,"time":"2024-05-24T15:22:31.739Z","pid":35564,"hostname":"XBMCServer","Decoded LP Data":[{"status":"06","nonce":"fe","maxOrder":"07","depth":"03","baseDecimal":"09","quoteDecimal":"09","state":"01","resetFlag":"00","minSize":"b2d05e00","volMaxCutRatio":"01f4","amountWaveRatio":"4c4b40","baseLotSize":"b2d05e00","quoteLotSize":"b2d05e00","minPriceMultiplier":"01","maxPriceMultiplier":"3b9aca00","systemDecimalValue":"3b9aca00","minSeparateNumerator":"05","minSeparateDenominator":"2710","tradeFeeNumerator":"19","tradeFeeDenominator":"2710","pnlNumerator":"0c","pnlDenominator":"64","swapFeeNumerator":"19","swapFeeDenominator":"2710","baseNeedTakePnl":"00","quoteNeedTakePnl":"00","quoteTotalPnl":"00","baseTotalPnl":"00","poolOpenTime":"6650b082","punishPcAmount":"00","punishCoinAmount":"00","orderbookToInitTime":"00","swapBaseInAmount":"00","swapQuoteOutAmount":"00","swapBase2QuoteFee":"01d22fc0","swapQuoteInAmount":"02d86a9c00","swapBaseOutAmount":"09902183f518296f","swapQuote2BaseFee":"00","baseVault":"9kr36iGHjwut98zjHMFo6wZprrp4L91hKunrVbLu3vGf","quoteVault":"AQSUg8fcCZxSopFTfkBGAF7MD49PRKaEvHjsmMUgVrzw","baseMint":"BR68bHoqibSzdTu3A4u6LkKU36ZfaKjvWYFbzMGCWz85","quoteMint":"So11111111111111111111111111111111111111112","lpMint":"59YngKdMjapfzv7LvNr4t2UYatr2CnGvhwpgZtCsFhve","openOrders":"AuwDcMgt273AFCMjX5ZsARwVUjUJ9gAHiGN9oETBYWKN","marketId":"51v5JvrJToKSUtqht6br9NMSXqWwDjJ7Sm7gTtt4fcUA","marketProgramId":"srmqPvymJeFKQ4zGQed1GFppgkRHL9kaELCbyksJtPX","targetOrders":"CtiKcdaDrbeE7hUgRfP1696q4zboeKJvp7u18p8KxjEn","withdrawQueue":"11111111111111111111111111111111","lpVault":"11111111111111111111111111111111","owner":"GThUX1Atko4tqhN2NaiTazWSeFWMuiUvfFnyJyUghFMJ","lpReserve":"43732ec39a2c","padding":["00","00","00"]}],"msg":"Decoded LP Data"}
{"level":30,"time":"2024-05-24T15:22:31.740Z","pid":35564,"hostname":"XBMCServer","maxOrder":"7","msg":"Max LP Order"}
{"level":30,"time":"2024-05-24T15:22:31.740Z","pid":35564,"hostname":"XBMCServer","minSize":"3000000000","msg":"Min LP Size"}
{"level":30,"time":"2024-05-24T15:22:32.299Z","pid":35564,"hostname":"XBMCServer","mintInfo":[{"decimals":9,"freezeAuthority":null,"isInitialized":true,"mintAuthority":"5Q544fKrFoe6tsEbD7S8EmxGTJYAKtTVhAW5Q5pge4j1","supply":"74160984870956"}],"msg":"Mint Info"}
{"level":30,"time":"2024-05-24T15:22:32.299Z","pid":35564,"hostname":"XBMCServer","msg":"Time to buy Meme"}
{"level":30,"time":"2024-05-24T15:22:32.949Z","pid":35564,"hostname":"XBMCServer","Swap Sol for Meme txids":[["61tkKL1XAMqWfrHjx55SLeqF6jmuFcKBSAm1y9VA1tRBQ329xab5MAeUvZY3qUcn4YTLLQbExSFJRXUDG12T33tf"]],"msg":"SOL to Meme TxnIDs"}
{"level":30,"time":"2024-05-24T15:48:28.122Z","pid":22544,"hostname":"XBMCServer","msg":"Market Key Data Retrieved"}
{"level":30,"time":"2024-05-24T15:48:28.123Z","pid":22544,"hostname":"XBMCServer","msg":"Market decoded Data Retrieved"}
{"level":30,"time":"2024-05-24T15:48:28.233Z","pid":22544,"hostname":"XBMCServer","msg":"Pool Keys Retrieved"}
{"level":30,"time":"2024-05-24T15:48:28.233Z","pid":22544,"hostname":"XBMCServer","msg":"Start get balances"}
{"level":30,"time":"2024-05-24T15:48:28.257Z","pid":22544,"hostname":"XBMCServer","msg":"validTx still NULL"}
{"level":30,"time":"2024-05-24T15:48:28.257Z","pid":22544,"hostname":"XBMCServer","msg":"Token Balance Retrieved"}
{"level":30,"time":"2024-05-24T15:48:28.257Z","pid":22544,"hostname":"XBMCServer","msg":"Time to sell Meme"}
{"level":30,"time":"2024-05-24T15:48:28.283Z","pid":22544,"hostname":"XBMCServer","msg":"Trying to swap Meme for SOL"}
{"level":50,"time":"2024-05-24T15:48:28.285Z","pid":22544,"hostname":"XBMCServer","err":{"type":"Error","message":"amounts must greater than zero (argument=\"currencyAmounts\"), value={\"amountIn\":\"0.000000000\",\"amountOut\":\"0.000000001\"}), code=INVALID_ARGUMENT, module=Liquidity, version=1.1.0-beta.6)","stack":"Error: amounts must greater than zero (argument=\"currencyAmounts\"), value={\"amountIn\":\"0.000000000\",\"amountOut\":\"0.000000001\"}), code=INVALID_ARGUMENT, module=Liquidity, version=1.1.0-beta.6)\n    at Logger.makeError (C:\\src\\SOLSniper\\solana-spl-token-sniper\\node_modules\\@raydium-io\\raydium-sdk\\lib\\cjs\\common\\logger.js:175:23)\n    at Logger.throwError (C:\\src\\SOLSniper\\solana-spl-token-sniper\\node_modules\\@raydium-io\\raydium-sdk\\lib\\cjs\\common\\logger.js:184:20)\n    at Logger.throwArgumentError (C:\\src\\SOLSniper\\solana-spl-token-sniper\\node_modules\\@raydium-io\\raydium-sdk\\lib\\cjs\\common\\logger.js:187:21)\n    at Logger.assertArgument (C:\\src\\SOLSniper\\solana-spl-token-sniper\\node_modules\\@raydium-io\\raydium-sdk\\lib\\cjs\\common\\logger.js:202:14)\n    at Liquidity.<anonymous> (C:\\src\\SOLSniper\\solana-spl-token-sniper\\node_modules\\@raydium-io\\raydium-sdk\\lib\\cjs\\liquidity\\liquidity.js:679:20)\n    at Generator.next (<anonymous>)\n    at C:\\src\\SOLSniper\\solana-spl-token-sniper\\node_modules\\@raydium-io\\raydium-sdk\\lib\\cjs\\liquidity\\liquidity.js:8:71\n    at new Promise (<anonymous>)\n    at __awaiter (C:\\src\\SOLSniper\\solana-spl-token-sniper\\node_modules\\@raydium-io\\raydium-sdk\\lib\\cjs\\liquidity\\liquidity.js:4:12)\n    at Liquidity.makeSwapInstructionSimple (C:\\src\\SOLSniper\\solana-spl-token-sniper\\node_modules\\@raydium-io\\raydium-sdk\\lib\\cjs\\liquidity\\liquidity.js:674:16)","reason":"amounts must greater than zero","code":"INVALID_ARGUMENT","argument":"currencyAmounts","value":{"amountIn":"0.000000000","amountOut":"0.000000001"}},"msg":"Error swapping Meme for SOL"}
{"level":30,"time":"2024-05-24T15:52:42.532Z","pid":10376,"hostname":"XBMCServer","msg":"Opening WebSocket"}
{"level":30,"time":"2024-05-24T15:52:42.835Z","pid":10376,"hostname":"XBMCServer","msg":"txsFromblock is undefined."}
{"level":30,"time":"2024-05-24T15:53:39.335Z","pid":10376,"hostname":"XBMCServer","msg":"txsFromBlock found."}
{"level":30,"time":"2024-05-24T15:53:39.337Z","pid":10376,"hostname":"XBMCServer","msg":"Closing websocket."}
{"level":30,"time":"2024-05-24T15:53:57.771Z","pid":10376,"hostname":"XBMCServer","Key with marketId: ":{"pubkey":"J4g1kMMdrP1patkw8DkCaL5ozYbGmebcxBE7hy2aWand","writable":true,"signer":false,"source":"transaction"},"msg":"MarketID Key"}
{"level":30,"time":"2024-05-24T15:53:57.790Z","pid":10376,"hostname":"XBMCServer","Found Time: ":"5/24/2024, 10:53:57 AM","msg":"Found"}
{"level":30,"time":"2024-05-24T15:53:57.790Z","pid":10376,"hostname":"XBMCServer","MarketID: ":"J4g1kMMdrP1patkw8DkCaL5ozYbGmebcxBE7hy2aWand","msg":"MarketID"}
{"level":30,"time":"2024-05-24T15:53:57.791Z","pid":10376,"hostname":"XBMCServer","Token Address: ":"6ydPDJg7fUTzpVb5cBmLe1UyWDNswTD2DpKsrEbKtczG","msg":"Token Address"}
{"level":30,"time":"2024-05-24T15:53:57.814Z","pid":10376,"hostname":"XBMCServer","msg":"Mint authority is revoked."}
{"level":30,"time":"2024-05-24T15:53:57.814Z","pid":10376,"hostname":"XBMCServer","msg":"Freeze authority is revoked."}
{"level":30,"time":"2024-05-24T15:53:58.371Z","pid":10376,"hostname":"XBMCServer","Supply: ":1000000000,"msg":"Token Supply"}
{"level":30,"time":"2024-05-24T15:53:58.428Z","pid":10376,"hostname":"XBMCServer","Pool Keys:":[{"id":"6G4E3Cx65fJ8dDE5esxpLNz6xxSh8Sk6yB8PwnySvWsV","baseMint":"So11111111111111111111111111111111111111112","quoteMint":"6ydPDJg7fUTzpVb5cBmLe1UyWDNswTD2DpKsrEbKtczG","lpMint":"4dSq36hc5WuCiEfHZ54mgXQujbqc1b61u56BWdyYskdD","baseDecimals":9,"quoteDecimals":6,"lpDecimals":9,"version":4,"programId":"675kPX9MHTjS2zt1qfr1NYHuzeLXfQM9H24wFSUt1Mp8","authority":"5Q544fKrFoe6tsEbD7S8EmxGTJYAKtTVhAW5Q5pge4j1","openOrders":"ZiHTrMGKEEoBN1iUpHWXoV68EU7GvBGpmbwWHi8x669","targetOrders":"8E5o5tC43DUa9KBzgv6K815xZ7hZtDpWpRyix8drmZhA","baseVault":"8v2rGikzWBojVybvpFxYHv9Pk9KTQBv7rjiciePRsmBK","quoteVault":"EzczXauJW7yPUzLqAKVGmRpRvKBGF6eXKms5pGKUXqFr","withdrawQueue":"11111111111111111111111111111111","lpVault":"11111111111111111111111111111111","marketVersion":3,"marketProgramId":"srmqPvymJeFKQ4zGQed1GFppgkRHL9kaELCbyksJtPX","marketId":"J4g1kMMdrP1patkw8DkCaL5ozYbGmebcxBE7hy2aWand","marketAuthority":"ETVLybZKZTwXXf6pAdobWP8brioWyF3bw7zHFDekMpiu","marketBaseVault":"DwdS2swhw2uWY3mk5VoRPW4KZCWjih4gY2WXtCkBGx7V","marketQuoteVault":"Ev89nKo9onnTNWTK7ASQ6oxWHuyAWawverrhhVAsKWCF","marketBids":"B99Y4b7pB39tn7uXqjooVmS4gYxSzxkqiZZP9iTXfPBv","marketAsks":"79wAdMTeQPjnMR3Z4Vv8FPMjFYfUWWGak9juGdCx2a3e","marketEventQueue":"5QnEQ1291yZhKNQAzJnSPYsXpRGPqx15hvXxnD1YSLW8","lookupTableAccount":"11111111111111111111111111111111"}],"msg":"Pool Keys"}
{"level":30,"time":"2024-05-24T15:53:58.987Z","pid":10376,"hostname":"XBMCServer","Pool Open Time":"1970-01-01T00:00:00.000Z","msg":"Pool Open Time"}
{"level":30,"time":"2024-05-24T15:53:58.987Z","pid":10376,"hostname":"XBMCServer","Decoded LP Data":[{"status":"06","nonce":"fe","maxOrder":"07","depth":"03","baseDecimal":"09","quoteDecimal":"06","state":"01","resetFlag":"00","minSize":"989680","volMaxCutRatio":"01f4","amountWaveRatio":"4c4b40","baseLotSize":"989680","quoteLotSize":"989680","minPriceMultiplier":"01","maxPriceMultiplier":"3b9aca00","systemDecimalValue":"3b9aca00","minSeparateNumerator":"05","minSeparateDenominator":"2710","tradeFeeNumerator":"19","tradeFeeDenominator":"2710","pnlNumerator":"0c","pnlDenominator":"64","swapFeeNumerator":"19","swapFeeDenominator":"2710","baseNeedTakePnl":"00","quoteNeedTakePnl":"00","quoteTotalPnl":"00","baseTotalPnl":"00","poolOpenTime":"00","punishPcAmount":"00","punishCoinAmount":"00","orderbookToInitTime":"00","swapBaseInAmount":"0165b30b80","swapQuoteOutAmount":"0d62c09b6708","swapBase2QuoteFee":"0176ec47b9","swapQuoteInAmount":"0249d1300fd0","swapBaseOutAmount":"3d82c21a","swapQuote2BaseFee":"e4ed78","baseVault":"8v2rGikzWBojVybvpFxYHv9Pk9KTQBv7rjiciePRsmBK","quoteVault":"EzczXauJW7yPUzLqAKVGmRpRvKBGF6eXKms5pGKUXqFr","baseMint":"So11111111111111111111111111111111111111112","quoteMint":"6ydPDJg7fUTzpVb5cBmLe1UyWDNswTD2DpKsrEbKtczG","lpMint":"4dSq36hc5WuCiEfHZ54mgXQujbqc1b61u56BWdyYskdD","openOrders":"ZiHTrMGKEEoBN1iUpHWXoV68EU7GvBGpmbwWHi8x669","marketId":"J4g1kMMdrP1patkw8DkCaL5ozYbGmebcxBE7hy2aWand","marketProgramId":"srmqPvymJeFKQ4zGQed1GFppgkRHL9kaELCbyksJtPX","targetOrders":"8E5o5tC43DUa9KBzgv6K815xZ7hZtDpWpRyix8drmZhA","withdrawQueue":"11111111111111111111111111111111","lpVault":"11111111111111111111111111111111","owner":"GThUX1Atko4tqhN2NaiTazWSeFWMuiUvfFnyJyUghFMJ","lpReserve":"03ad583b22f5","padding":["00","00","00"]}],"msg":"Decoded LP Data"}
{"level":30,"time":"2024-05-24T15:53:58.987Z","pid":10376,"hostname":"XBMCServer","maxOrder":"7","msg":"Max LP Order"}
{"level":30,"time":"2024-05-24T15:53:58.987Z","pid":10376,"hostname":"XBMCServer","minSize":"10000000","msg":"Min LP Size"}
{"level":30,"time":"2024-05-24T15:53:59.009Z","pid":10376,"hostname":"XBMCServer","mintInfo":[{"decimals":9,"freezeAuthority":null,"isInitialized":true,"mintAuthority":"5Q544fKrFoe6tsEbD7S8EmxGTJYAKtTVhAW5Q5pge4j1","supply":"4042044496117"}],"msg":"Mint Info"}
{"level":30,"time":"2024-05-24T15:53:59.009Z","pid":10376,"hostname":"XBMCServer","msg":"Time to buy Meme"}
{"level":50,"time":"2024-05-24T15:53:59.673Z","pid":10376,"hostname":"XBMCServer","err":{"type":"SendTransactionError","message":"failed to send transaction: Transaction simulation failed: Error processing Instruction 4: custom program error: 0x2a","stack":"Error: failed to send transaction: Transaction simulation failed: Error processing Instruction 4: custom program error: 0x2a\n    at Connection.sendEncodedTransaction (C:\\src\\SOLSniper\\solana-spl-token-sniper\\node_modules\\@solana\\web3.js\\lib\\index.cjs.js:8050:13)\n    at process.processTicksAndRejections (node:internal/process/task_queues:95:5)\n    at async Connection.sendRawTransaction (C:\\src\\SOLSniper\\solana-spl-token-sniper\\node_modules\\@solana\\web3.js\\lib\\index.cjs.js:8015:20)\n    at async Connection.sendTransaction (C:\\src\\SOLSniper\\solana-spl-token-sniper\\node_modules\\@solana\\web3.js\\lib\\index.cjs.js:7972:14)","logs":["Program 11111111111111111111111111111111 invoke [1]","Program 11111111111111111111111111111111 success","Program TokenkegQfeZyiNwAJbNbGKPFXCWuBvf9Ss623VQ5DA invoke [1]","Program log: Instruction: InitializeAccount","Program TokenkegQfeZyiNwAJbNbGKPFXCWuBvf9Ss623VQ5DA consumed 3443 of 1399850 compute units","Program TokenkegQfeZyiNwAJbNbGKPFXCWuBvf9Ss623VQ5DA success","Program 11111111111111111111111111111111 invoke [1]","Program 11111111111111111111111111111111 success","Program TokenkegQfeZyiNwAJbNbGKPFXCWuBvf9Ss623VQ5DA invoke [1]","Program log: Instruction: InitializeAccount","Program TokenkegQfeZyiNwAJbNbGKPFXCWuBvf9Ss623VQ5DA consumed 3443 of 1396257 compute units","Program TokenkegQfeZyiNwAJbNbGKPFXCWuBvf9Ss623VQ5DA success","Program 675kPX9MHTjS2zt1qfr1NYHuzeLXfQM9H24wFSUt1Mp8 invoke [1]","Program log: Error: User token input does not match amm","Program 675kPX9MHTjS2zt1qfr1NYHuzeLXfQM9H24wFSUt1Mp8 consumed 12520 of 1392814 compute units","Program 675kPX9MHTjS2zt1qfr1NYHuzeLXfQM9H24wFSUt1Mp8 failed: custom program error: 0x2a"]},"msg":"Error swapping SOL for Meme"}
{"level":30,"time":"2024-05-24T16:09:46.066Z","pid":33316,"hostname":"XBMCServer","msg":"Opening WebSocket"}
{"level":30,"time":"2024-05-24T16:09:46.397Z","pid":33316,"hostname":"XBMCServer","msg":"txsFromblock is undefined."}
{"level":30,"time":"2024-05-24T16:10:35.346Z","pid":33316,"hostname":"XBMCServer","msg":"txsFromBlock found."}
{"level":30,"time":"2024-05-24T16:10:35.348Z","pid":33316,"hostname":"XBMCServer","msg":"Closing websocket."}
{"level":30,"time":"2024-05-24T16:10:35.553Z","pid":33316,"hostname":"XBMCServer","Key with marketId: ":{"pubkey":"ENoAkAkfpDySkzJjMoqQsandgBJczfSy8uP5kZiRG4Bh","writable":true,"signer":false,"source":"transaction"},"msg":"MarketID Key"}
{"level":30,"time":"2024-05-24T16:10:35.574Z","pid":33316,"hostname":"XBMCServer","Found Time: ":"5/24/2024, 11:10:35 AM","msg":"Found"}
{"level":30,"time":"2024-05-24T16:10:35.574Z","pid":33316,"hostname":"XBMCServer","MarketID: ":"ENoAkAkfpDySkzJjMoqQsandgBJczfSy8uP5kZiRG4Bh","msg":"MarketID"}
{"level":30,"time":"2024-05-24T16:10:35.575Z","pid":33316,"hostname":"XBMCServer","Token Address: ":"DY2T7J1RqQKxe6pxQQsWz9HYVqdGhgzHFfaSxjeNVELt","msg":"Token Address"}
{"level":30,"time":"2024-05-24T16:10:35.599Z","pid":33316,"hostname":"XBMCServer","msg":"Mint authority is revoked."}
{"level":30,"time":"2024-05-24T16:10:35.599Z","pid":33316,"hostname":"XBMCServer","msg":"Freeze authority is revoked."}
{"level":30,"time":"2024-05-24T16:10:35.623Z","pid":33316,"hostname":"XBMCServer","Supply: ":1000000000,"msg":"Token Supply"}
{"level":30,"time":"2024-05-24T16:10:35.679Z","pid":33316,"hostname":"XBMCServer","Pool Keys:":[{"id":"ELvoTCgCpgD5UckWSCcLMbLvnUvtiG78doCgynXbSmNH","baseMint":"DY2T7J1RqQKxe6pxQQsWz9HYVqdGhgzHFfaSxjeNVELt","quoteMint":"So11111111111111111111111111111111111111112","lpMint":"HWSEUKY8rwPoy7xm1Zw8Fbi51kckP7hhcFCy7j9NxJcz","baseDecimals":9,"quoteDecimals":9,"lpDecimals":9,"version":4,"programId":"675kPX9MHTjS2zt1qfr1NYHuzeLXfQM9H24wFSUt1Mp8","authority":"5Q544fKrFoe6tsEbD7S8EmxGTJYAKtTVhAW5Q5pge4j1","openOrders":"C7zp9P5aPy7TJ4YTL7UpEAUXZPFWxU9GM1enqhw72vwv","targetOrders":"FqyhEgHwjYjW95zvWjatqUpe7oVXdr6gkPUQbHkdYQzX","baseVault":"DtjcnxTVGuVMVPFApN6C5z8L2XTAhdVDyW3giYfu6seT","quoteVault":"H1KGfaTUR73BM8jcSiG9dEyDgFSwytt5v8BtAU6e3SkX","withdrawQueue":"11111111111111111111111111111111","lpVault":"11111111111111111111111111111111","marketVersion":3,"marketProgramId":"srmqPvymJeFKQ4zGQed1GFppgkRHL9kaELCbyksJtPX","marketId":"ENoAkAkfpDySkzJjMoqQsandgBJczfSy8uP5kZiRG4Bh","marketAuthority":"8ZtchLF6tvge2SvmrndDxCz8P6DsqmJryd96qtztzHUQ","marketBaseVault":"4sseNMUxNB3yQMUvaByzRtTdkcrBBEGSqB7ugu1zGzNf","marketQuoteVault":"CcovYmQXi6kq8wNXfVsMQLLUftX7M6hpmwKTURLPk8Yz","marketBids":"2ggyHEn9YDumwKUgDyjQ5PnUh28EE37xuAE9tdUk2aH4","marketAsks":"ESrT2yYXtdaDS2Whx1HWgtM6VcC61E2ifuiuUZpfGRbL","marketEventQueue":"3uAREN8wn8fdc2YEVQAxFrjnprKLtPE8uLi1UFNWEUDc","lookupTableAccount":"11111111111111111111111111111111"}],"msg":"Pool Keys"}
{"level":30,"time":"2024-05-24T16:10:36.233Z","pid":33316,"hostname":"XBMCServer","msg":"LP Info is NULL"}
{"level":30,"time":"2024-05-24T16:10:36.233Z","pid":33316,"hostname":"XBMCServer","msg":"Opening WebSocket"}
{"level":30,"time":"2024-05-24T16:10:36.335Z","pid":33316,"hostname":"XBMCServer","msg":"txsFromblock is undefined."}
{"level":30,"time":"2024-05-24T16:11:42.148Z","pid":33316,"hostname":"XBMCServer","msg":"txsFromBlock found."}
{"level":30,"time":"2024-05-24T16:11:42.149Z","pid":33316,"hostname":"XBMCServer","msg":"Closing websocket."}
{"level":30,"time":"2024-05-24T16:11:42.345Z","pid":33316,"hostname":"XBMCServer","Key with marketId: ":{"pubkey":"84Kq4pwwwtTcgPgit6BQVubu29Ks3s2EeRVSCojnkzWv","writable":true,"signer":true,"source":"transaction"},"msg":"MarketID Key"}
{"level":30,"time":"2024-05-24T16:11:42.345Z","pid":33316,"hostname":"XBMCServer","Found Time: ":"5/24/2024, 11:11:42 AM","msg":"Found"}
{"level":30,"time":"2024-05-24T16:11:42.345Z","pid":33316,"hostname":"XBMCServer","MarketID: ":"84Kq4pwwwtTcgPgit6BQVubu29Ks3s2EeRVSCojnkzWv","msg":"MarketID"}
{"level":30,"time":"2024-05-24T16:11:42.345Z","pid":33316,"hostname":"XBMCServer","Token Address: ":"AjbhXGpajspTzkMs5vuENTyDk1ZQC7Er5YXaJFSjugue","msg":"Token Address"}
{"level":30,"time":"2024-05-24T16:11:42.368Z","pid":33316,"hostname":"XBMCServer","msg":"Mint authority is revoked."}
{"level":30,"time":"2024-05-24T16:11:42.368Z","pid":33316,"hostname":"XBMCServer","msg":"Freeze authority is not revoked."}
{"level":30,"time":"2024-05-24T16:11:42.368Z","pid":33316,"hostname":"XBMCServer","msg":"Opening WebSocket"}
{"level":30,"time":"2024-05-24T16:11:42.464Z","pid":33316,"hostname":"XBMCServer","msg":"txsFromblock is undefined."}
{"level":30,"time":"2024-05-24T16:12:30.274Z","pid":33316,"hostname":"XBMCServer","msg":"txsFromBlock found."}
{"level":30,"time":"2024-05-24T16:12:30.275Z","pid":33316,"hostname":"XBMCServer","msg":"Closing websocket."}
{"level":30,"time":"2024-05-24T16:12:30.455Z","pid":33316,"hostname":"XBMCServer","Key with marketId: ":{"pubkey":"FSJBdPMa3FnXQ9Y2mb4REF72dDMRWsjfTLzdPN6UuUtt","writable":true,"signer":false,"source":"transaction"},"msg":"MarketID Key"}
{"level":30,"time":"2024-05-24T16:12:30.455Z","pid":33316,"hostname":"XBMCServer","Found Time: ":"5/24/2024, 11:12:30 AM","msg":"Found"}
{"level":30,"time":"2024-05-24T16:12:30.455Z","pid":33316,"hostname":"XBMCServer","MarketID: ":"FSJBdPMa3FnXQ9Y2mb4REF72dDMRWsjfTLzdPN6UuUtt","msg":"MarketID"}
{"level":30,"time":"2024-05-24T16:12:30.456Z","pid":33316,"hostname":"XBMCServer","Token Address: ":"Goz3nn7917Syx1RYsPstqMSqeHxSrVxeZ4vHuPjTAeQY","msg":"Token Address"}
{"level":30,"time":"2024-05-24T16:12:30.478Z","pid":33316,"hostname":"XBMCServer","msg":"Mint authority is revoked."}
{"level":30,"time":"2024-05-24T16:12:30.478Z","pid":33316,"hostname":"XBMCServer","msg":"Freeze authority is revoked."}
{"level":30,"time":"2024-05-24T16:12:30.501Z","pid":33316,"hostname":"XBMCServer","Supply: ":1000000000,"msg":"Token Supply"}
{"level":30,"time":"2024-05-24T16:12:30.553Z","pid":33316,"hostname":"XBMCServer","Pool Keys:":[{"id":"FXoNGgczSQbaWDX2d6HzyGkrbbvhmSn9TAB8EK9JRz1T","baseMint":"Goz3nn7917Syx1RYsPstqMSqeHxSrVxeZ4vHuPjTAeQY","quoteMint":"So11111111111111111111111111111111111111112","lpMint":"8etTKxxugR4RX3ErHJWqUhgckKaaRyGukWyf1j151euH","baseDecimals":9,"quoteDecimals":9,"lpDecimals":9,"version":4,"programId":"675kPX9MHTjS2zt1qfr1NYHuzeLXfQM9H24wFSUt1Mp8","authority":"5Q544fKrFoe6tsEbD7S8EmxGTJYAKtTVhAW5Q5pge4j1","openOrders":"BE5CXpmfn3SETFsDvF1Sxcip6v8nMKm6L5MkyFqdfp4U","targetOrders":"EqvvQ53wRhLcxumf2g1jTKNVJHMxRZGnD9Pt4dDotLau","baseVault":"EhPNJTANb7hjsndaRQHMYtGkooRQ3DfqpinXtzqvHpt3","quoteVault":"9Z5dvwiQ4hNY7TjSVXbkY1sRAwgXWyaySDvszqZPx1CS","withdrawQueue":"11111111111111111111111111111111","lpVault":"11111111111111111111111111111111","marketVersion":3,"marketProgramId":"srmqPvymJeFKQ4zGQed1GFppgkRHL9kaELCbyksJtPX","marketId":"FSJBdPMa3FnXQ9Y2mb4REF72dDMRWsjfTLzdPN6UuUtt","marketAuthority":"ctuH7ssGxBrtxQmUZmZiAj4FSjEcBAqqkp64rZWLkfw","marketBaseVault":"3tqPikSqTuVWVpLBHedMxsqBFuzZ92WRtd8VMQkExF4f","marketQuoteVault":"EEZxjNyVjnfxvSwCbi1J6aTX1SxbaqFC2FiK5V4KrYwP","marketBids":"8EsF79xp9musJMB1tnmMGZngzDTavaRRdU8X6PZAMXNP","marketAsks":"BKmuxxWgqQspeK8RihQPfzHTZeiMjWMvRMjLZEtX2TRf","marketEventQueue":"3Jqxn1CRDRKs9hgFmMVbaGHQuHMv7JRCe6zAD8mqvpth","lookupTableAccount":"11111111111111111111111111111111"}],"msg":"Pool Keys"}
{"level":30,"time":"2024-05-24T16:12:31.104Z","pid":33316,"hostname":"XBMCServer","msg":"LP Info is NULL"}
{"level":30,"time":"2024-05-24T16:12:31.104Z","pid":33316,"hostname":"XBMCServer","msg":"Opening WebSocket"}
{"level":30,"time":"2024-05-24T16:12:31.200Z","pid":33316,"hostname":"XBMCServer","msg":"txsFromblock is undefined."}
{"level":30,"time":"2024-05-24T16:13:09.599Z","pid":33316,"hostname":"XBMCServer","msg":"txsFromBlock found."}
{"level":30,"time":"2024-05-24T16:13:09.600Z","pid":33316,"hostname":"XBMCServer","msg":"Closing websocket."}
{"level":30,"time":"2024-05-24T16:13:22.962Z","pid":33316,"hostname":"XBMCServer","Key with marketId: ":{"pubkey":"GAqov26f9SqxjQ4QrNJr1aCtxy5iFtRKt1A4sh6Rwz8L","writable":true,"signer":false,"source":"transaction"},"msg":"MarketID Key"}
{"level":30,"time":"2024-05-24T16:13:22.962Z","pid":33316,"hostname":"XBMCServer","Found Time: ":"5/24/2024, 11:13:22 AM","msg":"Found"}
{"level":30,"time":"2024-05-24T16:13:22.962Z","pid":33316,"hostname":"XBMCServer","MarketID: ":"GAqov26f9SqxjQ4QrNJr1aCtxy5iFtRKt1A4sh6Rwz8L","msg":"MarketID"}
{"level":30,"time":"2024-05-24T16:13:22.963Z","pid":33316,"hostname":"XBMCServer","Token Address: ":"4CV6WE8JGMumiffVUGdc1vM1BfFE4ywQrr7sgJAP16SW","msg":"Token Address"}
{"level":30,"time":"2024-05-24T16:13:22.984Z","pid":33316,"hostname":"XBMCServer","msg":"Mint authority is revoked."}
{"level":30,"time":"2024-05-24T16:13:22.984Z","pid":33316,"hostname":"XBMCServer","msg":"Freeze authority is revoked."}
{"level":30,"time":"2024-05-24T16:13:23.007Z","pid":33316,"hostname":"XBMCServer","Supply: ":1000000000,"msg":"Token Supply"}
{"level":30,"time":"2024-05-24T16:13:23.588Z","pid":33316,"hostname":"XBMCServer","Pool Keys:":[{"id":"DNQVUo229psNd2jVeReFFcFnrvWB1AeCAWZpoSC3CjnD","baseMint":"4CV6WE8JGMumiffVUGdc1vM1BfFE4ywQrr7sgJAP16SW","quoteMint":"So11111111111111111111111111111111111111112","lpMint":"Dbg31HuEbZDK2y6Mx4VXvBUjxxMAanApKdnPM6chXF1M","baseDecimals":9,"quoteDecimals":9,"lpDecimals":9,"version":4,"programId":"675kPX9MHTjS2zt1qfr1NYHuzeLXfQM9H24wFSUt1Mp8","authority":"5Q544fKrFoe6tsEbD7S8EmxGTJYAKtTVhAW5Q5pge4j1","openOrders":"FRHbVKfW1UW156Tk34bVXbsxFZqcLbighR2KXZB4bFhk","targetOrders":"BTteHbYUqNr89eL73CrQxaFKhh2GhAiiMevi9k5VZ73X","baseVault":"FU1ToXFZrjMrbDFCYYwgKhTkQaZ5UitYw9VXpafcZq3D","quoteVault":"Duj7Hnof6xUSToYYiN4YFqKkJCNjwWt8cKEASYZh6zLN","withdrawQueue":"11111111111111111111111111111111","lpVault":"11111111111111111111111111111111","marketVersion":3,"marketProgramId":"srmqPvymJeFKQ4zGQed1GFppgkRHL9kaELCbyksJtPX","marketId":"GAqov26f9SqxjQ4QrNJr1aCtxy5iFtRKt1A4sh6Rwz8L","marketAuthority":"4LiUDsBHx4BrPfWmhvR5KCmEuPnv9BzpUFpKt3qGziwA","marketBaseVault":"A2vLfYHaGqX6Kj1d9CzqU84x331b8kMU8Na7esuKFBAh","marketQuoteVault":"7tn8zn2veMGUiPf6a9gWHp7N4GqoHc9hCPwVFvcC2GuR","marketBids":"CqyHW7641Qm1EHrkp7v2Trk2JwTssfsn5EZgjUh7TodF","marketAsks":"3PuuiVSBCYsRD4UWQegVWVpmKZGkEUwoCYgg1FSbseX4","marketEventQueue":"4mjtL7ECi5TcDMow8KysGLcpYu9cU8c7i12XBkSfv6Lq","lookupTableAccount":"11111111111111111111111111111111"}],"msg":"Pool Keys"}
{"level":30,"time":"2024-05-24T16:13:23.611Z","pid":33316,"hostname":"XBMCServer","msg":"LP Info is NULL"}
{"level":30,"time":"2024-05-24T16:13:23.611Z","pid":33316,"hostname":"XBMCServer","msg":"Opening WebSocket"}
{"level":30,"time":"2024-05-24T16:13:23.718Z","pid":33316,"hostname":"XBMCServer","msg":"txsFromblock is undefined."}
{"level":30,"time":"2024-05-24T16:16:08.480Z","pid":33316,"hostname":"XBMCServer","msg":"txsFromBlock found."}
{"level":30,"time":"2024-05-24T16:16:08.481Z","pid":33316,"hostname":"XBMCServer","msg":"Closing websocket."}
{"level":30,"time":"2024-05-24T16:16:27.343Z","pid":33316,"hostname":"XBMCServer","Key with marketId: ":{"pubkey":"CTjFq1PVLurMv3bTXBAG6s84ijoepW8AD9twCoWfWmHP","writable":true,"signer":false,"source":"transaction"},"msg":"MarketID Key"}
{"level":30,"time":"2024-05-24T16:16:27.344Z","pid":33316,"hostname":"XBMCServer","Found Time: ":"5/24/2024, 11:16:27 AM","msg":"Found"}
{"level":30,"time":"2024-05-24T16:16:27.344Z","pid":33316,"hostname":"XBMCServer","MarketID: ":"CTjFq1PVLurMv3bTXBAG6s84ijoepW8AD9twCoWfWmHP","msg":"MarketID"}
{"level":30,"time":"2024-05-24T16:16:27.344Z","pid":33316,"hostname":"XBMCServer","Token Address: ":"FBEecoitZ2uaLYL3A2Gf1ksBiF7ZoSvR6jdktjsHVKP1","msg":"Token Address"}
{"level":30,"time":"2024-05-24T16:16:27.365Z","pid":33316,"hostname":"XBMCServer","msg":"Mint authority is revoked."}
{"level":30,"time":"2024-05-24T16:16:27.365Z","pid":33316,"hostname":"XBMCServer","msg":"Freeze authority is revoked."}
{"level":30,"time":"2024-05-24T16:16:27.386Z","pid":33316,"hostname":"XBMCServer","Supply: ":420000000,"msg":"Token Supply"}
{"level":30,"time":"2024-05-24T16:16:27.958Z","pid":33316,"hostname":"XBMCServer","Pool Keys:":[{"id":"4Cev3jMWHLWuQDeptSpfTtBTG7RgXxbacL4kHNXxYQxV","baseMint":"FBEecoitZ2uaLYL3A2Gf1ksBiF7ZoSvR6jdktjsHVKP1","quoteMint":"So11111111111111111111111111111111111111112","lpMint":"AQr7Dp5X8ixoVcjnBJqxrvFHLrH3y3sBQfSAozgXBoWy","baseDecimals":6,"quoteDecimals":9,"lpDecimals":6,"version":4,"programId":"675kPX9MHTjS2zt1qfr1NYHuzeLXfQM9H24wFSUt1Mp8","authority":"5Q544fKrFoe6tsEbD7S8EmxGTJYAKtTVhAW5Q5pge4j1","openOrders":"9ngXvRPC9tk8VAn6HVHyuweRWDuNFDn9oK9eX4ziCP6t","targetOrders":"3ChfiUhNQdRcx2anc7t5QwxHQ748g3ZAdG1pqYX6iurb","baseVault":"BDPX1NqXAT2qvfrf2nsVx6XoCtjqHEFDNjZucmkycoJ","quoteVault":"6RjBLF6SPaSeUEGdcFu8gBARxkxCTVk4yhWZwuXsMjY8","withdrawQueue":"11111111111111111111111111111111","lpVault":"11111111111111111111111111111111","marketVersion":3,"marketProgramId":"srmqPvymJeFKQ4zGQed1GFppgkRHL9kaELCbyksJtPX","marketId":"CTjFq1PVLurMv3bTXBAG6s84ijoepW8AD9twCoWfWmHP","marketAuthority":"9C4AnGfbDaPb1FaF5BNwbv2HTYFyj4EkCGtw7p3C6QPG","marketBaseVault":"EVwGMJXF9XKXS5e8tUgwfnbaZCCYJH2UYBp5SYdPCiHH","marketQuoteVault":"DkH1mzzPXLoxt5phbyxsp5iVJX8EswYWLraCBkoUVWiS","marketBids":"AAMrN4a18v7uKqAFFBHW4rntaWCmo4jxXMKkVaTFtoSF","marketAsks":"81REiYhi1NYXivk2jT68fZuSvUUsCoRHfnYEHMuKiYLe","marketEventQueue":"kpkRXQnbqkKRbEMtSWLq17r6tHWMiijxhf5NGomLLbg","lookupTableAccount":"11111111111111111111111111111111"}],"msg":"Pool Keys"}
{"level":30,"time":"2024-05-24T16:16:27.980Z","pid":33316,"hostname":"XBMCServer","msg":"LP Info is NULL"}
{"level":30,"time":"2024-05-24T16:16:27.980Z","pid":33316,"hostname":"XBMCServer","msg":"Opening WebSocket"}
{"level":30,"time":"2024-05-24T16:16:28.085Z","pid":33316,"hostname":"XBMCServer","msg":"txsFromblock is undefined."}
{"level":30,"time":"2024-05-24T16:16:55.862Z","pid":33316,"hostname":"XBMCServer","msg":"txsFromBlock found."}
{"level":30,"time":"2024-05-24T16:16:55.863Z","pid":33316,"hostname":"XBMCServer","msg":"Closing websocket."}
{"level":30,"time":"2024-05-24T16:16:56.026Z","pid":33316,"hostname":"XBMCServer","Key with marketId: ":{"pubkey":"ALUAkmbBNP1nXxdr9RgevQZezPNsP3iAcGJ1aprtTQZJ","writable":true,"signer":false,"source":"transaction"},"msg":"MarketID Key"}
{"level":30,"time":"2024-05-24T16:16:56.026Z","pid":33316,"hostname":"XBMCServer","Found Time: ":"5/24/2024, 11:16:56 AM","msg":"Found"}
{"level":30,"time":"2024-05-24T16:16:56.026Z","pid":33316,"hostname":"XBMCServer","MarketID: ":"ALUAkmbBNP1nXxdr9RgevQZezPNsP3iAcGJ1aprtTQZJ","msg":"MarketID"}
{"level":30,"time":"2024-05-24T16:16:56.026Z","pid":33316,"hostname":"XBMCServer","Token Address: ":"FBEecoitZ2uaLYL3A2Gf1ksBiF7ZoSvR6jdktjsHVKP1","msg":"Token Address"}
{"level":30,"time":"2024-05-24T16:16:56.048Z","pid":33316,"hostname":"XBMCServer","msg":"Mint authority is revoked."}
{"level":30,"time":"2024-05-24T16:16:56.048Z","pid":33316,"hostname":"XBMCServer","msg":"Freeze authority is revoked."}
{"level":30,"time":"2024-05-24T16:16:56.071Z","pid":33316,"hostname":"XBMCServer","Supply: ":420000000,"msg":"Token Supply"}
{"level":30,"time":"2024-05-24T16:16:56.121Z","pid":33316,"hostname":"XBMCServer","Pool Keys:":[{"id":"DPA8HdNcoXZr5PNU1SAFyTG4kUh3Vih8jgGC2cJTuHfu","baseMint":"FBEecoitZ2uaLYL3A2Gf1ksBiF7ZoSvR6jdktjsHVKP1","quoteMint":"So11111111111111111111111111111111111111112","lpMint":"4LhUsPwXJDsJpZkL86o56z3DTBSkzbpDyYj5LbBAeuHj","baseDecimals":6,"quoteDecimals":9,"lpDecimals":6,"version":4,"programId":"675kPX9MHTjS2zt1qfr1NYHuzeLXfQM9H24wFSUt1Mp8","authority":"5Q544fKrFoe6tsEbD7S8EmxGTJYAKtTVhAW5Q5pge4j1","openOrders":"Gv6ubDA1moNunfWohDDKUW271UY7rSBmUq2xJBdS9vuw","targetOrders":"47S3suhCPuhv5ERmLf8VzztaypiQGattf9BygNJeY7VL","baseVault":"6Laxfe5XGm5dzTJziP1QJRTcV4w7KYFtzt1RFhXbMBw7","quoteVault":"561amr7qgUaVHsUCL2K6tLpDijrggcAxTvSExSV5wT31","withdrawQueue":"11111111111111111111111111111111","lpVault":"11111111111111111111111111111111","marketVersion":3,"marketProgramId":"srmqPvymJeFKQ4zGQed1GFppgkRHL9kaELCbyksJtPX","marketId":"ALUAkmbBNP1nXxdr9RgevQZezPNsP3iAcGJ1aprtTQZJ","marketAuthority":"22UiNDUr7R54E8KSWXFgvtG9QEgUFwvFmfrprMhhKzCv","marketBaseVault":"DtpzjvgUJ7WANXS2f36XdxnoTPzH5mkB3dGu5h8Euzc3","marketQuoteVault":"3d8W7KzN4eBioSGcMswyEAfK3Ap9qH3E6WJPYck8Vabv","marketBids":"7EKWbtjUTYPLbibB3139b2DxrZAH25CxyuDf34ycSWfT","marketAsks":"Fcqw3tQat2cN8R4pk3b8rME85PVgEvChoKug97DqRfRg","marketEventQueue":"CE8Q8tJkKGhfzK8jpr5ZaCRbSKqqpNK3ZGdtX7VHyLga","lookupTableAccount":"11111111111111111111111111111111"}],"msg":"Pool Keys"}
{"level":30,"time":"2024-05-24T16:16:56.668Z","pid":33316,"hostname":"XBMCServer","msg":"LP Info is NULL"}
{"level":30,"time":"2024-05-24T16:16:56.669Z","pid":33316,"hostname":"XBMCServer","msg":"Opening WebSocket"}
{"level":30,"time":"2024-05-24T16:16:56.759Z","pid":33316,"hostname":"XBMCServer","msg":"txsFromblock is undefined."}
{"level":30,"time":"2024-05-24T16:17:22.796Z","pid":33316,"hostname":"XBMCServer","msg":"txsFromBlock found."}
{"level":30,"time":"2024-05-24T16:17:22.796Z","pid":33316,"hostname":"XBMCServer","msg":"Closing websocket."}
{"level":30,"time":"2024-05-24T16:17:23.106Z","pid":33316,"hostname":"XBMCServer","Key with marketId: ":{"pubkey":"ER4AgJHRkQiM6aoTo2bEELCokpmnvcG3JHhpk4mJanXY","writable":true,"signer":true,"source":"transaction"},"msg":"MarketID Key"}
{"level":30,"time":"2024-05-24T16:17:23.106Z","pid":33316,"hostname":"XBMCServer","Found Time: ":"5/24/2024, 11:17:23 AM","msg":"Found"}
{"level":30,"time":"2024-05-24T16:17:23.106Z","pid":33316,"hostname":"XBMCServer","MarketID: ":"ER4AgJHRkQiM6aoTo2bEELCokpmnvcG3JHhpk4mJanXY","msg":"MarketID"}
{"level":30,"time":"2024-05-24T16:17:23.107Z","pid":33316,"hostname":"XBMCServer","Token Address: ":"5bg9mU856GAtZCeoPmzLo7QbBPJQkmez72ZnrCKyeu7J","msg":"Token Address"}
{"level":30,"time":"2024-05-24T16:17:23.650Z","pid":33316,"hostname":"XBMCServer","msg":"Mint authority is revoked."}
{"level":30,"time":"2024-05-24T16:17:23.650Z","pid":33316,"hostname":"XBMCServer","msg":"Freeze authority is revoked."}
{"level":30,"time":"2024-05-24T16:17:23.672Z","pid":33316,"hostname":"XBMCServer","Supply: ":2000000000,"msg":"Token Supply"}
{"level":30,"time":"2024-05-24T16:17:24.252Z","pid":33316,"hostname":"XBMCServer","Pool Keys:":[{"id":"HPeSiHhpfHBYpWgCncAuwBerzg3okJA3PYDCZFx2pZuR","baseMint":"5bg9mU856GAtZCeoPmzLo7QbBPJQkmez72ZnrCKyeu7J","quoteMint":"So11111111111111111111111111111111111111112","lpMint":"Fr9TDijbmxYvt6A3oi1ZesXXJKFUDYBZt2Gbp2vi8nh2","baseDecimals":9,"quoteDecimals":9,"lpDecimals":9,"version":4,"programId":"675kPX9MHTjS2zt1qfr1NYHuzeLXfQM9H24wFSUt1Mp8","authority":"5Q544fKrFoe6tsEbD7S8EmxGTJYAKtTVhAW5Q5pge4j1","openOrders":"BEyLpLNRqMfCFf4ucz6pQoYjHgvAgeo7JiQFd2pZoLep","targetOrders":"3AqDYLrifjHt363VGzVCMdQ9PC9j6H5B3XDRXZ316Shk","baseVault":"5QphquLdzbV7Qt2BKYwKyiAfN9iNCa3BSo2Zm2XQ6SmX","quoteVault":"9NaTXUKUiuXAowYsDooTuwrwejKBA818auLgAg9tohCk","withdrawQueue":"11111111111111111111111111111111","lpVault":"11111111111111111111111111111111","marketVersion":3,"marketProgramId":"srmqPvymJeFKQ4zGQed1GFppgkRHL9kaELCbyksJtPX","marketId":"ER4AgJHRkQiM6aoTo2bEELCokpmnvcG3JHhpk4mJanXY","marketAuthority":"HhQMQmyNccytdSe96xLn4ttGQ4EUsirjpUZh9xtXzR1s","marketBaseVault":"Cbd9bMZV85KViBHj74bLYaNsPkPkLQc1rQFCzSfmQPP7","marketQuoteVault":"BXay74UMM6q1xaWkw8a9hLnmX7hCBrVMCisANxi1ZSaW","marketBids":"CLEkZdAQE77QKDJK1dEza3NAkHTxYasyEAK6QstmEU1G","marketAsks":"AEmpm6FScYeCAJcdyGhMKwmHvyBy77nyKdrdiLnB5YYr","marketEventQueue":"9du2Fw9QiGcVVjuA49gq6vbTzXCeoWLz4LQRpDxDzADy","lookupTableAccount":"11111111111111111111111111111111"}],"msg":"Pool Keys"}
{"level":30,"time":"2024-05-24T16:17:24.810Z","pid":33316,"hostname":"XBMCServer","msg":"LP Info is NULL"}
{"level":30,"time":"2024-05-24T16:17:24.810Z","pid":33316,"hostname":"XBMCServer","msg":"Opening WebSocket"}
{"level":30,"time":"2024-05-24T16:17:24.909Z","pid":33316,"hostname":"XBMCServer","msg":"txsFromblock is undefined."}
{"level":30,"time":"2024-05-24T16:18:18.490Z","pid":33316,"hostname":"XBMCServer","msg":"txsFromBlock found."}
{"level":30,"time":"2024-05-24T16:18:18.491Z","pid":33316,"hostname":"XBMCServer","msg":"Closing websocket."}
{"level":30,"time":"2024-05-24T16:18:34.206Z","pid":33316,"hostname":"XBMCServer","Key with marketId: ":{"pubkey":"4KCdmerysaWUYPAtrJ6Qm8TdNw5HqhE3MkhMHAMVsnnT","writable":true,"signer":false,"source":"transaction"},"msg":"MarketID Key"}
{"level":30,"time":"2024-05-24T16:18:34.207Z","pid":33316,"hostname":"XBMCServer","Found Time: ":"5/24/2024, 11:18:34 AM","msg":"Found"}
{"level":30,"time":"2024-05-24T16:18:34.207Z","pid":33316,"hostname":"XBMCServer","MarketID: ":"4KCdmerysaWUYPAtrJ6Qm8TdNw5HqhE3MkhMHAMVsnnT","msg":"MarketID"}
{"level":30,"time":"2024-05-24T16:18:34.207Z","pid":33316,"hostname":"XBMCServer","Token Address: ":"2Bd4R4UGfSfEpyEGD7zQfE4iG62pfDRecdUtEFXvnP5G","msg":"Token Address"}
{"level":30,"time":"2024-05-24T16:18:34.755Z","pid":33316,"hostname":"XBMCServer","msg":"Mint authority is revoked."}
{"level":30,"time":"2024-05-24T16:18:34.755Z","pid":33316,"hostname":"XBMCServer","msg":"Freeze authority is revoked."}
{"level":30,"time":"2024-05-24T16:18:34.776Z","pid":33316,"hostname":"XBMCServer","Supply: ":1010010101,"msg":"Token Supply"}
{"level":30,"time":"2024-05-24T16:18:35.366Z","pid":33316,"hostname":"XBMCServer","Pool Keys:":[{"id":"ESVVyzer9RCXKahTPGvQmHnXL2zb3puzWXKf5x6RtqZG","baseMint":"2Bd4R4UGfSfEpyEGD7zQfE4iG62pfDRecdUtEFXvnP5G","quoteMint":"So11111111111111111111111111111111111111112","lpMint":"3spmZSMmChaVRykXwzdZZbzswPn3yGirqTwhXYTGVwFR","baseDecimals":9,"quoteDecimals":9,"lpDecimals":9,"version":4,"programId":"675kPX9MHTjS2zt1qfr1NYHuzeLXfQM9H24wFSUt1Mp8","authority":"5Q544fKrFoe6tsEbD7S8EmxGTJYAKtTVhAW5Q5pge4j1","openOrders":"6RFhv6E5FqMTjCfwKy2cSRzB4DkcmogYqaqXrQsVZMkm","targetOrders":"E8md7YDURHyVciTZvLwfd2AsciSAQaxEdnGPwL4uz3HD","baseVault":"84zMZ7xTEzUMnMo6gE5d2bpUvbNbjaXMp24cnkYwwJgD","quoteVault":"971QQ3spuHgb9gDPZAUhZnZacZQafjZgcAk7jfeXB1kU","withdrawQueue":"11111111111111111111111111111111","lpVault":"11111111111111111111111111111111","marketVersion":3,"marketProgramId":"srmqPvymJeFKQ4zGQed1GFppgkRHL9kaELCbyksJtPX","marketId":"4KCdmerysaWUYPAtrJ6Qm8TdNw5HqhE3MkhMHAMVsnnT","marketAuthority":"JDvJTDZJmngRzBLZLeX7EdnHwzxrjxMALWTd5NcygBjc","marketBaseVault":"FAE7bLwarTzb445fuV1BqKVTRGoLmfUgo9e8Lf77AgMS","marketQuoteVault":"4WfFR99ZrB1sbptAUrJhTDVgmHRkEvNpCNjCFtoYNZum","marketBids":"9TSz8J9XnmnUr4NqwDgQfxhyuXRdKKe3qaBpJMhs7sBr","marketAsks":"ChKLaHvaPtZ5yfVrLqBJjawiiF5RSzv8wxSrQd6Fc6eB","marketEventQueue":"Ghzi4WrTf454WdokczPBpf9sxjJYkHANC1Mu2x1ixDRV","lookupTableAccount":"11111111111111111111111111111111"}],"msg":"Pool Keys"}
{"level":30,"time":"2024-05-24T16:18:35.388Z","pid":33316,"hostname":"XBMCServer","msg":"LP Info is NULL"}
{"level":30,"time":"2024-05-24T16:18:35.388Z","pid":33316,"hostname":"XBMCServer","msg":"Opening WebSocket"}
{"level":30,"time":"2024-05-24T16:18:35.506Z","pid":33316,"hostname":"XBMCServer","msg":"txsFromblock is undefined."}
{"level":30,"time":"2024-05-24T16:20:33.664Z","pid":33316,"hostname":"XBMCServer","msg":"txsFromBlock found."}
{"level":30,"time":"2024-05-24T16:20:33.665Z","pid":33316,"hostname":"XBMCServer","msg":"Closing websocket."}
{"level":30,"time":"2024-05-24T16:20:46.911Z","pid":33316,"hostname":"XBMCServer","Key with marketId: ":{"pubkey":"6FfRGNPM4zjbYhRWS5GdfhGofty2KV2ke8DhNvKLk7JS","writable":true,"signer":true,"source":"transaction"},"msg":"MarketID Key"}
{"level":30,"time":"2024-05-24T16:20:46.912Z","pid":33316,"hostname":"XBMCServer","Found Time: ":"5/24/2024, 11:20:46 AM","msg":"Found"}
{"level":30,"time":"2024-05-24T16:20:46.912Z","pid":33316,"hostname":"XBMCServer","MarketID: ":"6FfRGNPM4zjbYhRWS5GdfhGofty2KV2ke8DhNvKLk7JS","msg":"MarketID"}
{"level":30,"time":"2024-05-24T16:20:46.912Z","pid":33316,"hostname":"XBMCServer","Token Address: ":"3y9t7HRU8mJAnU61Hboy4KjTLbUhadYUSjNV2oqyS1Rz","msg":"Token Address"}
{"level":30,"time":"2024-05-24T16:20:46.934Z","pid":33316,"hostname":"XBMCServer","msg":"Mint authority is revoked."}
{"level":30,"time":"2024-05-24T16:20:46.934Z","pid":33316,"hostname":"XBMCServer","msg":"Freeze authority is revoked."}
{"level":30,"time":"2024-05-24T16:20:46.956Z","pid":33316,"hostname":"XBMCServer","Supply: ":1000000000,"msg":"Token Supply"}
{"level":30,"time":"2024-05-24T16:20:47.524Z","pid":33316,"hostname":"XBMCServer","Pool Keys:":[{"id":"3KKzry8peZq7Byj8T4U8xhBST3SeYxkvTNfmj1HBCvHp","baseMint":"3y9t7HRU8mJAnU61Hboy4KjTLbUhadYUSjNV2oqyS1Rz","quoteMint":"So11111111111111111111111111111111111111112","lpMint":"CC4VMVchG1iZXavdZAA2ZUyRWHjzVtjPm3gDUgpNyUrt","baseDecimals":9,"quoteDecimals":9,"lpDecimals":9,"version":4,"programId":"675kPX9MHTjS2zt1qfr1NYHuzeLXfQM9H24wFSUt1Mp8","authority":"5Q544fKrFoe6tsEbD7S8EmxGTJYAKtTVhAW5Q5pge4j1","openOrders":"43qnRSLg3M2VUh3jufcvjiHqgJ4AN7ueacWwtmmBV8Md","targetOrders":"FmiAVHAfaJYrT3Qa38dpC8jC2ppFd3x99Lh7U4vy3D8A","baseVault":"6u9sThkRX6CQ7UN9AVx6bUpxBLgjtqLgAJ5p33C8K8Cy","quoteVault":"Gpg3QsLAzBBfsK8YqNV9NTpTcKztFZyN4jWm9bjPs1gb","withdrawQueue":"11111111111111111111111111111111","lpVault":"11111111111111111111111111111111","marketVersion":3,"marketProgramId":"srmqPvymJeFKQ4zGQed1GFppgkRHL9kaELCbyksJtPX","marketId":"6FfRGNPM4zjbYhRWS5GdfhGofty2KV2ke8DhNvKLk7JS","marketAuthority":"GQ2XXTHXKtXiRrbKRjKBrJS9gZYrvRkXoBTmeseF194y","marketBaseVault":"5vzjnuaxSLUbhPiuH8QmVjAwpJv7KR8CL6o8UrkvJV4h","marketQuoteVault":"CxrR71XKQQTrXvbkKEpHKRtWPANn9GSBLwh6jgihosM","marketBids":"2gqXchsRZVgZ3vThF3Fs5h94mRVdRPpGVkTse1tB2r3J","marketAsks":"4T6Wm3EKFtyHdQysetCaHQG58rut7i1wP6htA1Hbgpcf","marketEventQueue":"3Y5U366faZodjuaRA7T2okdho2Efrj8uDevvy19W1Fdo","lookupTableAccount":"11111111111111111111111111111111"}],"msg":"Pool Keys"}
{"level":30,"time":"2024-05-24T16:20:47.545Z","pid":33316,"hostname":"XBMCServer","Pool Open Time":"2024-05-24T16:19:50.000Z","msg":"Pool Open Time"}
{"level":30,"time":"2024-05-24T16:20:47.545Z","pid":33316,"hostname":"XBMCServer","Decoded LP Data":[{"status":"06","nonce":"fe","maxOrder":"07","depth":"03","baseDecimal":"09","quoteDecimal":"09","state":"01","resetFlag":"00","minSize":"b2d05e00","volMaxCutRatio":"01f4","amountWaveRatio":"4c4b40","baseLotSize":"b2d05e00","quoteLotSize":"b2d05e00","minPriceMultiplier":"01","maxPriceMultiplier":"3b9aca00","systemDecimalValue":"3b9aca00","minSeparateNumerator":"05","minSeparateDenominator":"2710","tradeFeeNumerator":"19","tradeFeeDenominator":"2710","pnlNumerator":"0c","pnlDenominator":"64","swapFeeNumerator":"19","swapFeeDenominator":"2710","baseNeedTakePnl":"00","quoteNeedTakePnl":"00","quoteTotalPnl":"00","baseTotalPnl":"00","poolOpenTime":"6650be26","punishPcAmount":"00","punishCoinAmount":"00","orderbookToInitTime":"00","swapBaseInAmount":"00","swapQuoteOutAmount":"00","swapBase2QuoteFee":"01c9c380","swapQuoteInAmount":"02cb417800","swapBaseOutAmount":"09823aa7a438a5e1","swapQuote2BaseFee":"00","baseVault":"6u9sThkRX6CQ7UN9AVx6bUpxBLgjtqLgAJ5p33C8K8Cy","quoteVault":"Gpg3QsLAzBBfsK8YqNV9NTpTcKztFZyN4jWm9bjPs1gb","baseMint":"3y9t7HRU8mJAnU61Hboy4KjTLbUhadYUSjNV2oqyS1Rz","quoteMint":"So11111111111111111111111111111111111111112","lpMint":"CC4VMVchG1iZXavdZAA2ZUyRWHjzVtjPm3gDUgpNyUrt","openOrders":"43qnRSLg3M2VUh3jufcvjiHqgJ4AN7ueacWwtmmBV8Md","marketId":"6FfRGNPM4zjbYhRWS5GdfhGofty2KV2ke8DhNvKLk7JS","marketProgramId":"srmqPvymJeFKQ4zGQed1GFppgkRHL9kaELCbyksJtPX","targetOrders":"FmiAVHAfaJYrT3Qa38dpC8jC2ppFd3x99Lh7U4vy3D8A","withdrawQueue":"11111111111111111111111111111111","lpVault":"11111111111111111111111111111111","owner":"GThUX1Atko4tqhN2NaiTazWSeFWMuiUvfFnyJyUghFMJ","lpReserve":"43732ec39a2c","padding":["00","00","00"]}],"msg":"Decoded LP Data"}
{"level":30,"time":"2024-05-24T16:20:47.546Z","pid":33316,"hostname":"XBMCServer","maxOrder":"7","msg":"Max LP Order"}
{"level":30,"time":"2024-05-24T16:20:47.546Z","pid":33316,"hostname":"XBMCServer","minSize":"3000000000","msg":"Min LP Size"}
{"level":30,"time":"2024-05-24T16:20:48.094Z","pid":33316,"hostname":"XBMCServer","mintInfo":[{"decimals":9,"freezeAuthority":null,"isInitialized":true,"mintAuthority":"5Q544fKrFoe6tsEbD7S8EmxGTJYAKtTVhAW5Q5pge4j1","supply":"74160984870956"}],"msg":"Mint Info"}
{"level":30,"time":"2024-05-24T16:20:48.094Z","pid":33316,"hostname":"XBMCServer","msg":"Time to buy Meme"}
{"level":30,"time":"2024-05-24T16:20:48.224Z","pid":33316,"hostname":"XBMCServer","Swap Sol for Meme txids":[["39RSARB4YJpgA5L2dVzKSt5cnymHqwHnxgP5swdz74s44t6wnZBacRbZKGCYKiGz7JZbVu6eEcuBpxkA7BC1giyP"]],"msg":"SOL to Meme TxnIDs"}
{"level":30,"time":"2024-05-24T16:21:18.399Z","pid":33316,"hostname":"XBMCServer","SOL Price in USD":{},"msg":"SOL Price in USD"}
{"level":30,"time":"2024-05-24T16:21:18.399Z","pid":33316,"hostname":"XBMCServer","Meme Buy Price":7.09703534680267e-8,"msg":"Meme Buy Price"}
{"level":30,"time":"2024-05-24T16:21:18.399Z","pid":33316,"hostname":"XBMCServer","Meme Buy Qty":14090.390580491,"msg":"Meme Buy Qty"}
{"level":30,"time":"2024-05-24T16:21:18.427Z","pid":33316,"hostname":"XBMCServer","current price":"165.24","msg":"Current SOL Price in USD"}
{"level":30,"time":"2024-05-24T16:22:08.468Z","pid":33316,"hostname":"XBMCServer","msg":"Time to sell Meme"}
{"level":30,"time":"2024-05-24T16:22:08.744Z","pid":33316,"hostname":"XBMCServer","msg":"Trying to swap Meme for SOL"}
{"level":30,"time":"2024-05-24T16:22:08.891Z","pid":33316,"hostname":"XBMCServer","Swap Meme for Sol txids":[["3kmhi9xQh4tYVzvotzcqNqq9JkNCkBA2aaSK9nScktsQvCujPi1btEJZMA7VKYq34NPaCGxpTkUphoU6N3JmoifY"]],"msg":"Swap Meme to SOL TxnIDs"}
